{"C:\\Users\\Rock\\Desktop\\PropertyPro-Lite\\tests\\createPropertyTest.js":{"path":"C:\\Users\\Rock\\Desktop\\PropertyPro-Lite\\tests\\createPropertyTest.js","statementMap":{"0":{"start":{"line":3,"column":12},"end":{"line":3,"column":51}},"1":{"start":{"line":5,"column":16},"end":{"line":5,"column":60}},"2":{"start":{"line":7,"column":13},"end":{"line":7,"column":56}},"3":{"start":{"line":9,"column":39},"end":{"line":9,"column":95}},"4":{"start":{"line":12,"column":0},"end":{"line":12,"column":26}},"5":{"start":{"line":14,"column":0},"end":{"line":14,"column":43}},"6":{"start":{"line":16,"column":0},"end":{"line":74,"column":3}},"7":{"start":{"line":17,"column":2},"end":{"line":54,"column":5}},"8":{"start":{"line":19,"column":22},"end":{"line":23,"column":5}},"9":{"start":{"line":25,"column":4},"end":{"line":53,"column":7}},"10":{"start":{"line":27,"column":18},"end":{"line":27,"column":42}},"11":{"start":{"line":28,"column":17},"end":{"line":35,"column":7}},"12":{"start":{"line":37,"column":6},"end":{"line":52,"column":9}},"13":{"start":{"line":38,"column":8},"end":{"line":38,"column":41}},"14":{"start":{"line":39,"column":8},"end":{"line":39,"column":39}},"15":{"start":{"line":40,"column":8},"end":{"line":40,"column":46}},"16":{"start":{"line":41,"column":8},"end":{"line":41,"column":49}},"17":{"start":{"line":42,"column":8},"end":{"line":42,"column":53}},"18":{"start":{"line":43,"column":8},"end":{"line":43,"column":57}},"19":{"start":{"line":44,"column":8},"end":{"line":44,"column":52}},"20":{"start":{"line":45,"column":8},"end":{"line":45,"column":52}},"21":{"start":{"line":46,"column":8},"end":{"line":46,"column":51}},"22":{"start":{"line":47,"column":8},"end":{"line":47,"column":54}},"23":{"start":{"line":48,"column":8},"end":{"line":48,"column":51}},"24":{"start":{"line":49,"column":8},"end":{"line":49,"column":57}},"25":{"start":{"line":50,"column":8},"end":{"line":50,"column":59}},"26":{"start":{"line":51,"column":8},"end":{"line":51,"column":15}},"27":{"start":{"line":55,"column":2},"end":{"line":73,"column":5}},"28":{"start":{"line":56,"column":16},"end":{"line":56,"column":18}},"29":{"start":{"line":57,"column":15},"end":{"line":64,"column":5}},"30":{"start":{"line":66,"column":4},"end":{"line":72,"column":7}},"31":{"start":{"line":67,"column":6},"end":{"line":67,"column":39}},"32":{"start":{"line":68,"column":6},"end":{"line":68,"column":37}},"33":{"start":{"line":69,"column":6},"end":{"line":69,"column":86}},"34":{"start":{"line":70,"column":6},"end":{"line":70,"column":57}},"35":{"start":{"line":71,"column":6},"end":{"line":71,"column":13}}},"fnMap":{"0":{"name":"_interopRequireDefault","decl":{"start":{"line":9,"column":9},"end":{"line":9,"column":31}},"loc":{"start":{"line":9,"column":37},"end":{"line":9,"column":97}},"line":9},"1":{"name":"(anonymous_1)","decl":{"start":{"line":16,"column":49},"end":{"line":16,"column":50}},"loc":{"start":{"line":16,"column":61},"end":{"line":74,"column":1}},"line":16},"2":{"name":"(anonymous_2)","decl":{"start":{"line":17,"column":58},"end":{"line":17,"column":59}},"loc":{"start":{"line":17,"column":74},"end":{"line":54,"column":3}},"line":17},"3":{"name":"(anonymous_3)","decl":{"start":{"line":25,"column":93},"end":{"line":25,"column":94}},"loc":{"start":{"line":25,"column":118},"end":{"line":53,"column":5}},"line":25},"4":{"name":"(anonymous_4)","decl":{"start":{"line":37,"column":117},"end":{"line":37,"column":118}},"loc":{"start":{"line":37,"column":137},"end":{"line":52,"column":7}},"line":37},"5":{"name":"(anonymous_5)","decl":{"start":{"line":55,"column":59},"end":{"line":55,"column":60}},"loc":{"start":{"line":55,"column":75},"end":{"line":73,"column":3}},"line":55},"6":{"name":"(anonymous_6)","decl":{"start":{"line":66,"column":115},"end":{"line":66,"column":116}},"loc":{"start":{"line":66,"column":135},"end":{"line":72,"column":5}},"line":66}},"branchMap":{"0":{"loc":{"start":{"line":9,"column":46},"end":{"line":9,"column":94}},"type":"cond-expr","locations":[{"start":{"line":9,"column":70},"end":{"line":9,"column":73}},{"start":{"line":9,"column":76},"end":{"line":9,"column":94}}],"line":9},"1":{"loc":{"start":{"line":9,"column":46},"end":{"line":9,"column":67}},"type":"binary-expr","locations":[{"start":{"line":9,"column":46},"end":{"line":9,"column":49}},{"start":{"line":9,"column":53},"end":{"line":9,"column":67}}],"line":9}},"s":{"0":1,"1":1,"2":1,"3":3,"4":1,"5":1,"6":1,"7":1,"8":1,"9":1,"10":1,"11":1,"12":1,"13":1,"14":1,"15":1,"16":1,"17":1,"18":1,"19":1,"20":1,"21":1,"22":1,"23":1,"24":1,"25":1,"26":1,"27":1,"28":1,"29":1,"30":1,"31":1,"32":1,"33":1,"34":1,"35":1},"f":{"0":3,"1":1,"2":1,"3":1,"4":1,"5":1,"6":1},"b":{"0":[1,2],"1":[3,3]},"_coverageSchema":"43e27e138ebf9cfc5966b082cf9a028302ed4184","hash":"b056ea0f94ef9f85ac419d4cf0c628cf4e2d3da0","contentHash":"fd4ac55d71aa236cc4246c223be6e3cf361de9c537e3512d70e6fe3ba08653ab"},"C:\\Users\\Rock\\Desktop\\PropertyPro-Lite\\index.js":{"path":"C:\\Users\\Rock\\Desktop\\PropertyPro-Lite\\index.js","statementMap":{"0":{"start":{"line":3,"column":0},"end":{"line":5,"column":3}},"1":{"start":{"line":6,"column":0},"end":{"line":6,"column":28}},"2":{"start":{"line":8,"column":15},"end":{"line":8,"column":57}},"3":{"start":{"line":10,"column":18},"end":{"line":10,"column":64}},"4":{"start":{"line":12,"column":14},"end":{"line":12,"column":55}},"5":{"start":{"line":14,"column":22},"end":{"line":14,"column":84}},"6":{"start":{"line":16,"column":12},"end":{"line":16,"column":61}},"7":{"start":{"line":18,"column":39},"end":{"line":18,"column":95}},"8":{"start":{"line":23,"column":0},"end":{"line":23,"column":28}},"9":{"start":{"line":25,"column":10},"end":{"line":25,"column":36}},"10":{"start":{"line":26,"column":0},"end":{"line":26,"column":39}},"11":{"start":{"line":27,"column":0},"end":{"line":29,"column":4}},"12":{"start":{"line":30,"column":0},"end":{"line":30,"column":62}},"13":{"start":{"line":31,"column":0},"end":{"line":31,"column":62}},"14":{"start":{"line":32,"column":0},"end":{"line":32,"column":92}},"15":{"start":{"line":33,"column":0},"end":{"line":33,"column":99}},"16":{"start":{"line":34,"column":0},"end":{"line":34,"column":110}},"17":{"start":{"line":35,"column":0},"end":{"line":35,"column":106}},"18":{"start":{"line":36,"column":0},"end":{"line":36,"column":69}},"19":{"start":{"line":37,"column":0},"end":{"line":37,"column":71}},"20":{"start":{"line":39,"column":11},"end":{"line":39,"column":35}},"21":{"start":{"line":40,"column":0},"end":{"line":43,"column":3}},"22":{"start":{"line":42,"column":2},"end":{"line":42,"column":49}},"23":{"start":{"line":44,"column":15},"end":{"line":44,"column":18}},"24":{"start":{"line":45,"column":0},"end":{"line":45,"column":30}}},"fnMap":{"0":{"name":"_interopRequireDefault","decl":{"start":{"line":18,"column":9},"end":{"line":18,"column":31}},"loc":{"start":{"line":18,"column":37},"end":{"line":18,"column":97}},"line":18},"1":{"name":"(anonymous_1)","decl":{"start":{"line":40,"column":17},"end":{"line":40,"column":18}},"loc":{"start":{"line":40,"column":29},"end":{"line":43,"column":1}},"line":40}},"branchMap":{"0":{"loc":{"start":{"line":18,"column":46},"end":{"line":18,"column":94}},"type":"cond-expr","locations":[{"start":{"line":18,"column":70},"end":{"line":18,"column":73}},{"start":{"line":18,"column":76},"end":{"line":18,"column":94}}],"line":18},"1":{"loc":{"start":{"line":18,"column":46},"end":{"line":18,"column":67}},"type":"binary-expr","locations":[{"start":{"line":18,"column":46},"end":{"line":18,"column":49}},{"start":{"line":18,"column":53},"end":{"line":18,"column":67}}],"line":18},"2":{"loc":{"start":{"line":39,"column":11},"end":{"line":39,"column":35}},"type":"binary-expr","locations":[{"start":{"line":39,"column":11},"end":{"line":39,"column":27}},{"start":{"line":39,"column":31},"end":{"line":39,"column":35}}],"line":39}},"s":{"0":1,"1":1,"2":1,"3":1,"4":1,"5":1,"6":1,"7":5,"8":1,"9":1,"10":1,"11":1,"12":1,"13":1,"14":1,"15":1,"16":1,"17":1,"18":1,"19":1,"20":1,"21":1,"22":1,"23":1,"24":1},"f":{"0":5,"1":1},"b":{"0":[2,3],"1":[5,5],"2":[1,0]},"_coverageSchema":"43e27e138ebf9cfc5966b082cf9a028302ed4184","hash":"69246e8cae1765eec7cf82c06bd58deb3b3717a2","contentHash":"fb7df5dfca29e88dbf00a95df5e49756da7563372a94981d7b9b73ca015659a4"},"C:\\Users\\Rock\\Desktop\\PropertyPro-Lite\\controller\\userController.js":{"path":"C:\\Users\\Rock\\Desktop\\PropertyPro-Lite\\controller\\userController.js","statementMap":{"0":{"start":{"line":3,"column":0},"end":{"line":5,"column":3}},"1":{"start":{"line":6,"column":0},"end":{"line":6,"column":28}},"2":{"start":{"line":8,"column":15},"end":{"line":8,"column":57}},"3":{"start":{"line":10,"column":18},"end":{"line":10,"column":64}},"4":{"start":{"line":12,"column":11},"end":{"line":12,"column":49}},"5":{"start":{"line":14,"column":12},"end":{"line":14,"column":60}},"6":{"start":{"line":16,"column":16},"end":{"line":16,"column":68}},"7":{"start":{"line":18,"column":18},"end":{"line":18,"column":74}},"8":{"start":{"line":20,"column":12},"end":{"line":20,"column":62}},"9":{"start":{"line":22,"column":16},"end":{"line":22,"column":70}},"10":{"start":{"line":24,"column":39},"end":{"line":24,"column":95}},"11":{"start":{"line":26,"column":33},"end":{"line":26,"column":464}},"12":{"start":{"line":26,"column":46},"end":{"line":26,"column":47}},"13":{"start":{"line":26,"column":91},"end":{"line":26,"column":131}},"14":{"start":{"line":26,"column":147},"end":{"line":26,"column":166}},"15":{"start":{"line":26,"column":168},"end":{"line":26,"column":382}},"16":{"start":{"line":26,"column":226},"end":{"line":26,"column":380}},"17":{"start":{"line":26,"column":312},"end":{"line":26,"column":375}},"18":{"start":{"line":26,"column":383},"end":{"line":26,"column":462}},"19":{"start":{"line":26,"column":416},"end":{"line":26,"column":458}},"20":{"start":{"line":26,"column":465},"end":{"line":26,"column":479}},"21":{"start":{"line":28,"column":44},"end":{"line":28,"column":195}},"22":{"start":{"line":28,"column":62},"end":{"line":28,"column":166}},"23":{"start":{"line":28,"column":176},"end":{"line":28,"column":193}},"24":{"start":{"line":28,"column":196},"end":{"line":28,"column":207}},"25":{"start":{"line":30,"column":77},"end":{"line":30,"column":175}},"26":{"start":{"line":30,"column":94},"end":{"line":30,"column":107}},"27":{"start":{"line":30,"column":121},"end":{"line":30,"column":131}},"28":{"start":{"line":30,"column":151},"end":{"line":30,"column":165}},"29":{"start":{"line":30,"column":166},"end":{"line":30,"column":173}},"30":{"start":{"line":30,"column":176},"end":{"line":30,"column":263}},"31":{"start":{"line":30,"column":193},"end":{"line":30,"column":208}},"32":{"start":{"line":30,"column":218},"end":{"line":30,"column":261}},"33":{"start":{"line":32,"column":33},"end":{"line":32,"column":387}},"34":{"start":{"line":32,"column":65},"end":{"line":32,"column":69}},"35":{"start":{"line":32,"column":78},"end":{"line":32,"column":87}},"36":{"start":{"line":32,"column":89},"end":{"line":32,"column":384}},"37":{"start":{"line":32,"column":147},"end":{"line":32,"column":167}},"38":{"start":{"line":32,"column":193},"end":{"line":32,"column":264}},"39":{"start":{"line":32,"column":290},"end":{"line":32,"column":360}},"40":{"start":{"line":32,"column":363},"end":{"line":32,"column":380}},"41":{"start":{"line":34,"column":50},"end":{"line":34,"column":151}},"42":{"start":{"line":34,"column":92},"end":{"line":34,"column":149}},"43":{"start":{"line":36,"column":44},"end":{"line":36,"column":315}},"44":{"start":{"line":36,"column":57},"end":{"line":36,"column":58}},"45":{"start":{"line":36,"column":102},"end":{"line":36,"column":110}},"46":{"start":{"line":36,"column":112},"end":{"line":36,"column":167}},"47":{"start":{"line":36,"column":168},"end":{"line":36,"column":199}},"48":{"start":{"line":36,"column":200},"end":{"line":36,"column":254}},"49":{"start":{"line":36,"column":227},"end":{"line":36,"column":254}},"50":{"start":{"line":36,"column":255},"end":{"line":36,"column":313}},"51":{"start":{"line":38,"column":62},"end":{"line":38,"column":131}},"52":{"start":{"line":38,"column":78},"end":{"line":38,"column":131}},"53":{"start":{"line":38,"column":132},"end":{"line":38,"column":193}},"54":{"start":{"line":38,"column":149},"end":{"line":38,"column":193}},"55":{"start":{"line":38,"column":194},"end":{"line":38,"column":213}},"56":{"start":{"line":40,"column":10},"end":{"line":40,"column":36}},"57":{"start":{"line":41,"column":0},"end":{"line":41,"column":39}},"58":{"start":{"line":42,"column":0},"end":{"line":44,"column":4}},"59":{"start":{"line":48,"column":0},"end":{"line":501,"column":3}},"60":{"start":{"line":50,"column":4},"end":{"line":50,"column":42}},"61":{"start":{"line":53,"column":2},"end":{"line":498,"column":6}},"62":{"start":{"line":56,"column":20},"end":{"line":124,"column":9}},"63":{"start":{"line":61,"column":8},"end":{"line":123,"column":20}},"64":{"start":{"line":62,"column":10},"end":{"line":122,"column":11}},"65":{"start":{"line":63,"column":12},"end":{"line":121,"column":13}},"66":{"start":{"line":65,"column":16},"end":{"line":65,"column":74}},"67":{"start":{"line":66,"column":16},"end":{"line":66,"column":67}},"68":{"start":{"line":68,"column":16},"end":{"line":71,"column":17}},"69":{"start":{"line":69,"column":18},"end":{"line":69,"column":36}},"70":{"start":{"line":70,"column":18},"end":{"line":70,"column":24}},"71":{"start":{"line":73,"column":16},"end":{"line":73,"column":121}},"72":{"start":{"line":76,"column":16},"end":{"line":76,"column":237}},"73":{"start":{"line":77,"column":16},"end":{"line":77,"column":34}},"74":{"start":{"line":78,"column":16},"end":{"line":78,"column":61}},"75":{"start":{"line":81,"column":16},"end":{"line":81,"column":38}},"76":{"start":{"line":82,"column":16},"end":{"line":90,"column":18}},"77":{"start":{"line":91,"column":16},"end":{"line":91,"column":35}},"78":{"start":{"line":92,"column":16},"end":{"line":92,"column":76}},"79":{"start":{"line":95,"column":16},"end":{"line":95,"column":46}},"80":{"start":{"line":96,"column":16},"end":{"line":96,"column":44}},"81":{"start":{"line":97,"column":16},"end":{"line":99,"column":19}},"82":{"start":{"line":98,"column":18},"end":{"line":98,"column":51}},"83":{"start":{"line":101,"column":16},"end":{"line":104,"column":17}},"84":{"start":{"line":102,"column":18},"end":{"line":102,"column":37}},"85":{"start":{"line":103,"column":18},"end":{"line":103,"column":24}},"86":{"start":{"line":106,"column":16},"end":{"line":106,"column":112}},"87":{"start":{"line":109,"column":16},"end":{"line":111,"column":25}},"88":{"start":{"line":113,"column":16},"end":{"line":113,"column":47}},"89":{"start":{"line":115,"column":16},"end":{"line":115,"column":57}},"90":{"start":{"line":116,"column":16},"end":{"line":116,"column":104}},"91":{"start":{"line":120,"column":16},"end":{"line":120,"column":39}},"92":{"start":{"line":127,"column":8},"end":{"line":127,"column":46}},"93":{"start":{"line":130,"column":6},"end":{"line":130,"column":20}},"94":{"start":{"line":135,"column":20},"end":{"line":207,"column":9}},"95":{"start":{"line":140,"column":8},"end":{"line":206,"column":38}},"96":{"start":{"line":141,"column":10},"end":{"line":205,"column":11}},"97":{"start":{"line":142,"column":12},"end":{"line":204,"column":13}},"98":{"start":{"line":144,"column":16},"end":{"line":144,"column":72}},"99":{"start":{"line":145,"column":16},"end":{"line":145,"column":67}},"100":{"start":{"line":147,"column":16},"end":{"line":150,"column":17}},"101":{"start":{"line":148,"column":18},"end":{"line":148,"column":37}},"102":{"start":{"line":149,"column":18},"end":{"line":149,"column":24}},"103":{"start":{"line":152,"column":16},"end":{"line":152,"column":122}},"104":{"start":{"line":155,"column":16},"end":{"line":155,"column":108}},"105":{"start":{"line":157,"column":16},"end":{"line":157,"column":35}},"106":{"start":{"line":158,"column":16},"end":{"line":160,"column":19}},"107":{"start":{"line":159,"column":18},"end":{"line":159,"column":46}},"108":{"start":{"line":162,"column":16},"end":{"line":165,"column":17}},"109":{"start":{"line":163,"column":18},"end":{"line":163,"column":37}},"110":{"start":{"line":164,"column":18},"end":{"line":164,"column":24}},"111":{"start":{"line":167,"column":16},"end":{"line":167,"column":112}},"112":{"start":{"line":170,"column":16},"end":{"line":170,"column":51}},"113":{"start":{"line":171,"column":16},"end":{"line":171,"column":36}},"114":{"start":{"line":172,"column":16},"end":{"line":172,"column":92}},"115":{"start":{"line":175,"column":16},"end":{"line":175,"column":38}},"116":{"start":{"line":177,"column":16},"end":{"line":180,"column":17}},"117":{"start":{"line":178,"column":18},"end":{"line":178,"column":38}},"118":{"start":{"line":179,"column":18},"end":{"line":179,"column":24}},"119":{"start":{"line":182,"column":16},"end":{"line":182,"column":119}},"120":{"start":{"line":185,"column":16},"end":{"line":187,"column":18}},"121":{"start":{"line":188,"column":16},"end":{"line":188,"column":36}},"122":{"start":{"line":189,"column":16},"end":{"line":189,"column":68}},"123":{"start":{"line":192,"column":16},"end":{"line":192,"column":50}},"124":{"start":{"line":193,"column":16},"end":{"line":193,"column":63}},"125":{"start":{"line":194,"column":16},"end":{"line":194,"column":108}},"126":{"start":{"line":197,"column":16},"end":{"line":197,"column":36}},"127":{"start":{"line":198,"column":16},"end":{"line":198,"column":53}},"128":{"start":{"line":199,"column":16},"end":{"line":199,"column":115}},"129":{"start":{"line":203,"column":16},"end":{"line":203,"column":40}},"130":{"start":{"line":210,"column":8},"end":{"line":210,"column":46}},"131":{"start":{"line":213,"column":6},"end":{"line":213,"column":20}},"132":{"start":{"line":218,"column":20},"end":{"line":259,"column":9}},"133":{"start":{"line":222,"column":8},"end":{"line":258,"column":21}},"134":{"start":{"line":223,"column":10},"end":{"line":257,"column":11}},"135":{"start":{"line":224,"column":12},"end":{"line":256,"column":13}},"136":{"start":{"line":226,"column":16},"end":{"line":226,"column":76}},"137":{"start":{"line":227,"column":16},"end":{"line":227,"column":67}},"138":{"start":{"line":229,"column":16},"end":{"line":232,"column":17}},"139":{"start":{"line":230,"column":18},"end":{"line":230,"column":37}},"140":{"start":{"line":231,"column":18},"end":{"line":231,"column":24}},"141":{"start":{"line":234,"column":16},"end":{"line":234,"column":122}},"142":{"start":{"line":237,"column":16},"end":{"line":237,"column":39}},"143":{"start":{"line":238,"column":16},"end":{"line":240,"column":19}},"144":{"start":{"line":239,"column":18},"end":{"line":239,"column":58}},"145":{"start":{"line":241,"column":16},"end":{"line":246,"column":19}},"146":{"start":{"line":247,"column":16},"end":{"line":247,"column":45}},"147":{"start":{"line":249,"column":16},"end":{"line":249,"column":48}},"148":{"start":{"line":251,"column":16},"end":{"line":251,"column":98}},"149":{"start":{"line":255,"column":16},"end":{"line":255,"column":40}},"150":{"start":{"line":262,"column":8},"end":{"line":262,"column":46}},"151":{"start":{"line":265,"column":6},"end":{"line":265,"column":20}},"152":{"start":{"line":270,"column":20},"end":{"line":313,"column":9}},"153":{"start":{"line":274,"column":8},"end":{"line":312,"column":21}},"154":{"start":{"line":275,"column":10},"end":{"line":311,"column":11}},"155":{"start":{"line":276,"column":12},"end":{"line":310,"column":13}},"156":{"start":{"line":278,"column":16},"end":{"line":278,"column":36}},"157":{"start":{"line":279,"column":16},"end":{"line":279,"column":35}},"158":{"start":{"line":281,"column":16},"end":{"line":284,"column":17}},"159":{"start":{"line":282,"column":18},"end":{"line":282,"column":37}},"160":{"start":{"line":283,"column":18},"end":{"line":283,"column":24}},"161":{"start":{"line":286,"column":16},"end":{"line":286,"column":105}},"162":{"start":{"line":289,"column":16},"end":{"line":291,"column":19}},"163":{"start":{"line":290,"column":18},"end":{"line":290,"column":54}},"164":{"start":{"line":293,"column":16},"end":{"line":296,"column":17}},"165":{"start":{"line":294,"column":18},"end":{"line":294,"column":37}},"166":{"start":{"line":295,"column":18},"end":{"line":295,"column":24}},"167":{"start":{"line":298,"column":16},"end":{"line":298,"column":112}},"168":{"start":{"line":301,"column":16},"end":{"line":301,"column":46}},"169":{"start":{"line":302,"column":16},"end":{"line":302,"column":44}},"170":{"start":{"line":303,"column":16},"end":{"line":303,"column":44}},"171":{"start":{"line":304,"column":16},"end":{"line":304,"column":42}},"172":{"start":{"line":305,"column":16},"end":{"line":305,"column":96}},"173":{"start":{"line":309,"column":16},"end":{"line":309,"column":40}},"174":{"start":{"line":316,"column":8},"end":{"line":316,"column":46}},"175":{"start":{"line":319,"column":6},"end":{"line":319,"column":20}},"176":{"start":{"line":324,"column":26},"end":{"line":364,"column":9}},"177":{"start":{"line":328,"column":8},"end":{"line":363,"column":21}},"178":{"start":{"line":329,"column":10},"end":{"line":362,"column":11}},"179":{"start":{"line":330,"column":12},"end":{"line":361,"column":13}},"180":{"start":{"line":332,"column":16},"end":{"line":332,"column":36}},"181":{"start":{"line":333,"column":16},"end":{"line":333,"column":35}},"182":{"start":{"line":335,"column":16},"end":{"line":338,"column":17}},"183":{"start":{"line":336,"column":18},"end":{"line":336,"column":37}},"184":{"start":{"line":337,"column":18},"end":{"line":337,"column":24}},"185":{"start":{"line":340,"column":16},"end":{"line":340,"column":105}},"186":{"start":{"line":343,"column":16},"end":{"line":345,"column":19}},"187":{"start":{"line":344,"column":18},"end":{"line":344,"column":54}},"188":{"start":{"line":347,"column":16},"end":{"line":350,"column":17}},"189":{"start":{"line":348,"column":18},"end":{"line":348,"column":37}},"190":{"start":{"line":349,"column":18},"end":{"line":349,"column":24}},"191":{"start":{"line":352,"column":16},"end":{"line":352,"column":112}},"192":{"start":{"line":355,"column":16},"end":{"line":355,"column":46}},"193":{"start":{"line":356,"column":16},"end":{"line":356,"column":96}},"194":{"start":{"line":360,"column":16},"end":{"line":360,"column":40}},"195":{"start":{"line":367,"column":8},"end":{"line":367,"column":52}},"196":{"start":{"line":370,"column":6},"end":{"line":370,"column":26}},"197":{"start":{"line":375,"column":21},"end":{"line":416,"column":9}},"198":{"start":{"line":379,"column":8},"end":{"line":415,"column":21}},"199":{"start":{"line":380,"column":10},"end":{"line":414,"column":11}},"200":{"start":{"line":381,"column":12},"end":{"line":413,"column":13}},"201":{"start":{"line":383,"column":16},"end":{"line":383,"column":35}},"202":{"start":{"line":385,"column":16},"end":{"line":388,"column":17}},"203":{"start":{"line":386,"column":18},"end":{"line":386,"column":37}},"204":{"start":{"line":387,"column":18},"end":{"line":387,"column":24}},"205":{"start":{"line":390,"column":16},"end":{"line":390,"column":105}},"206":{"start":{"line":393,"column":16},"end":{"line":395,"column":19}},"207":{"start":{"line":394,"column":18},"end":{"line":394,"column":54}},"208":{"start":{"line":396,"column":16},"end":{"line":396,"column":64}},"209":{"start":{"line":398,"column":16},"end":{"line":401,"column":17}},"210":{"start":{"line":399,"column":18},"end":{"line":399,"column":37}},"211":{"start":{"line":400,"column":18},"end":{"line":400,"column":24}},"212":{"start":{"line":403,"column":16},"end":{"line":403,"column":112}},"213":{"start":{"line":406,"column":16},"end":{"line":406,"column":58}},"214":{"start":{"line":408,"column":16},"end":{"line":408,"column":123}},"215":{"start":{"line":412,"column":16},"end":{"line":412,"column":40}},"216":{"start":{"line":419,"column":8},"end":{"line":419,"column":47}},"217":{"start":{"line":422,"column":6},"end":{"line":422,"column":21}},"218":{"start":{"line":427,"column":22},"end":{"line":464,"column":9}},"219":{"start":{"line":431,"column":8},"end":{"line":463,"column":21}},"220":{"start":{"line":432,"column":10},"end":{"line":462,"column":11}},"221":{"start":{"line":433,"column":12},"end":{"line":461,"column":13}},"222":{"start":{"line":435,"column":16},"end":{"line":435,"column":35}},"223":{"start":{"line":436,"column":16},"end":{"line":436,"column":38}},"224":{"start":{"line":438,"column":16},"end":{"line":446,"column":17}},"225":{"start":{"line":439,"column":18},"end":{"line":441,"column":21}},"226":{"start":{"line":440,"column":20},"end":{"line":440,"column":56}},"227":{"start":{"line":443,"column":18},"end":{"line":445,"column":21}},"228":{"start":{"line":444,"column":20},"end":{"line":444,"column":46}},"229":{"start":{"line":448,"column":16},"end":{"line":451,"column":17}},"230":{"start":{"line":449,"column":18},"end":{"line":449,"column":37}},"231":{"start":{"line":450,"column":18},"end":{"line":450,"column":24}},"232":{"start":{"line":453,"column":16},"end":{"line":453,"column":112}},"233":{"start":{"line":456,"column":16},"end":{"line":456,"column":97}},"234":{"start":{"line":460,"column":16},"end":{"line":460,"column":40}},"235":{"start":{"line":467,"column":8},"end":{"line":467,"column":48}},"236":{"start":{"line":470,"column":6},"end":{"line":470,"column":22}},"237":{"start":{"line":475,"column":28},"end":{"line":490,"column":9}},"238":{"start":{"line":478,"column":8},"end":{"line":489,"column":21}},"239":{"start":{"line":479,"column":10},"end":{"line":488,"column":11}},"240":{"start":{"line":480,"column":12},"end":{"line":487,"column":13}},"241":{"start":{"line":482,"column":16},"end":{"line":482,"column":114}},"242":{"start":{"line":486,"column":16},"end":{"line":486,"column":40}},"243":{"start":{"line":493,"column":8},"end":{"line":493,"column":54}},"244":{"start":{"line":496,"column":6},"end":{"line":496,"column":28}},"245":{"start":{"line":500,"column":2},"end":{"line":500,"column":24}},"246":{"start":{"line":503,"column":15},"end":{"line":503,"column":29}},"247":{"start":{"line":504,"column":0},"end":{"line":504,"column":30}}},"fnMap":{"0":{"name":"_interopRequireDefault","decl":{"start":{"line":24,"column":9},"end":{"line":24,"column":31}},"loc":{"start":{"line":24,"column":37},"end":{"line":24,"column":97}},"line":24},"1":{"name":"_objectSpread","decl":{"start":{"line":26,"column":9},"end":{"line":26,"column":22}},"loc":{"start":{"line":26,"column":31},"end":{"line":26,"column":481}},"line":26},"2":{"name":"(anonymous_2)","decl":{"start":{"line":26,"column":295},"end":{"line":26,"column":296}},"loc":{"start":{"line":26,"column":310},"end":{"line":26,"column":377}},"line":26},"3":{"name":"(anonymous_3)","decl":{"start":{"line":26,"column":399},"end":{"line":26,"column":400}},"loc":{"start":{"line":26,"column":414},"end":{"line":26,"column":460}},"line":26},"4":{"name":"_defineProperty","decl":{"start":{"line":28,"column":9},"end":{"line":28,"column":24}},"loc":{"start":{"line":28,"column":42},"end":{"line":28,"column":209}},"line":28},"5":{"name":"asyncGeneratorStep","decl":{"start":{"line":30,"column":9},"end":{"line":30,"column":27}},"loc":{"start":{"line":30,"column":75},"end":{"line":30,"column":265}},"line":30},"6":{"name":"_asyncToGenerator","decl":{"start":{"line":32,"column":9},"end":{"line":32,"column":26}},"loc":{"start":{"line":32,"column":31},"end":{"line":32,"column":389}},"line":32},"7":{"name":"(anonymous_7)","decl":{"start":{"line":32,"column":40},"end":{"line":32,"column":41}},"loc":{"start":{"line":32,"column":52},"end":{"line":32,"column":386}},"line":32},"8":{"name":"(anonymous_8)","decl":{"start":{"line":32,"column":108},"end":{"line":32,"column":109}},"loc":{"start":{"line":32,"column":135},"end":{"line":32,"column":382}},"line":32},"9":{"name":"_next","decl":{"start":{"line":32,"column":178},"end":{"line":32,"column":183}},"loc":{"start":{"line":32,"column":191},"end":{"line":32,"column":266}},"line":32},"10":{"name":"_throw","decl":{"start":{"line":32,"column":276},"end":{"line":32,"column":282}},"loc":{"start":{"line":32,"column":288},"end":{"line":32,"column":362}},"line":32},"11":{"name":"_classCallCheck","decl":{"start":{"line":34,"column":9},"end":{"line":34,"column":24}},"loc":{"start":{"line":34,"column":48},"end":{"line":34,"column":153}},"line":34},"12":{"name":"_defineProperties","decl":{"start":{"line":36,"column":9},"end":{"line":36,"column":26}},"loc":{"start":{"line":36,"column":42},"end":{"line":36,"column":317}},"line":36},"13":{"name":"_createClass","decl":{"start":{"line":38,"column":9},"end":{"line":38,"column":21}},"loc":{"start":{"line":38,"column":60},"end":{"line":38,"column":215}},"line":38},"14":{"name":"(anonymous_14)","decl":{"start":{"line":48,"column":0},"end":{"line":48,"column":1}},"loc":{"start":{"line":48,"column":12},"end":{"line":501,"column":1}},"line":48},"15":{"name":"UserController","decl":{"start":{"line":49,"column":11},"end":{"line":49,"column":25}},"loc":{"start":{"line":49,"column":28},"end":{"line":51,"column":3}},"line":49},"16":{"name":"(anonymous_16)","decl":{"start":{"line":55,"column":11},"end":{"line":55,"column":12}},"loc":{"start":{"line":55,"column":23},"end":{"line":131,"column":5}},"line":55},"17":{"name":"_callee","decl":{"start":{"line":58,"column":39},"end":{"line":58,"column":46}},"loc":{"start":{"line":58,"column":57},"end":{"line":124,"column":7}},"line":58},"18":{"name":"_callee$","decl":{"start":{"line":61,"column":48},"end":{"line":61,"column":56}},"loc":{"start":{"line":61,"column":67},"end":{"line":123,"column":9}},"line":61},"19":{"name":"(anonymous_19)","decl":{"start":{"line":97,"column":51},"end":{"line":97,"column":52}},"loc":{"start":{"line":97,"column":67},"end":{"line":99,"column":17}},"line":97},"20":{"name":"signup","decl":{"start":{"line":126,"column":15},"end":{"line":126,"column":21}},"loc":{"start":{"line":126,"column":31},"end":{"line":128,"column":7}},"line":126},"21":{"name":"(anonymous_21)","decl":{"start":{"line":134,"column":11},"end":{"line":134,"column":12}},"loc":{"start":{"line":134,"column":23},"end":{"line":214,"column":5}},"line":134},"22":{"name":"_callee2","decl":{"start":{"line":137,"column":39},"end":{"line":137,"column":47}},"loc":{"start":{"line":137,"column":58},"end":{"line":207,"column":7}},"line":137},"23":{"name":"_callee2$","decl":{"start":{"line":140,"column":48},"end":{"line":140,"column":57}},"loc":{"start":{"line":140,"column":69},"end":{"line":206,"column":9}},"line":140},"24":{"name":"(anonymous_24)","decl":{"start":{"line":158,"column":51},"end":{"line":158,"column":52}},"loc":{"start":{"line":158,"column":67},"end":{"line":160,"column":17}},"line":158},"25":{"name":"signin","decl":{"start":{"line":209,"column":15},"end":{"line":209,"column":21}},"loc":{"start":{"line":209,"column":32},"end":{"line":211,"column":7}},"line":209},"26":{"name":"(anonymous_26)","decl":{"start":{"line":217,"column":11},"end":{"line":217,"column":12}},"loc":{"start":{"line":217,"column":23},"end":{"line":266,"column":5}},"line":217},"27":{"name":"_callee3","decl":{"start":{"line":220,"column":39},"end":{"line":220,"column":47}},"loc":{"start":{"line":220,"column":58},"end":{"line":259,"column":7}},"line":220},"28":{"name":"_callee3$","decl":{"start":{"line":222,"column":48},"end":{"line":222,"column":57}},"loc":{"start":{"line":222,"column":69},"end":{"line":258,"column":9}},"line":222},"29":{"name":"(anonymous_29)","decl":{"start":{"line":238,"column":52},"end":{"line":238,"column":53}},"loc":{"start":{"line":238,"column":68},"end":{"line":240,"column":17}},"line":238},"30":{"name":"create","decl":{"start":{"line":261,"column":15},"end":{"line":261,"column":21}},"loc":{"start":{"line":261,"column":32},"end":{"line":263,"column":7}},"line":261},"31":{"name":"(anonymous_31)","decl":{"start":{"line":269,"column":11},"end":{"line":269,"column":12}},"loc":{"start":{"line":269,"column":23},"end":{"line":320,"column":5}},"line":269},"32":{"name":"_callee4","decl":{"start":{"line":272,"column":39},"end":{"line":272,"column":47}},"loc":{"start":{"line":272,"column":58},"end":{"line":313,"column":7}},"line":272},"33":{"name":"_callee4$","decl":{"start":{"line":274,"column":48},"end":{"line":274,"column":57}},"loc":{"start":{"line":274,"column":69},"end":{"line":312,"column":9}},"line":274},"34":{"name":"(anonymous_34)","decl":{"start":{"line":289,"column":49},"end":{"line":289,"column":50}},"loc":{"start":{"line":289,"column":65},"end":{"line":291,"column":17}},"line":289},"35":{"name":"update","decl":{"start":{"line":315,"column":15},"end":{"line":315,"column":21}},"loc":{"start":{"line":315,"column":32},"end":{"line":317,"column":7}},"line":315},"36":{"name":"(anonymous_36)","decl":{"start":{"line":323,"column":11},"end":{"line":323,"column":12}},"loc":{"start":{"line":323,"column":23},"end":{"line":371,"column":5}},"line":323},"37":{"name":"_callee5","decl":{"start":{"line":326,"column":39},"end":{"line":326,"column":47}},"loc":{"start":{"line":326,"column":58},"end":{"line":364,"column":7}},"line":326},"38":{"name":"_callee5$","decl":{"start":{"line":328,"column":48},"end":{"line":328,"column":57}},"loc":{"start":{"line":328,"column":69},"end":{"line":363,"column":9}},"line":328},"39":{"name":"(anonymous_39)","decl":{"start":{"line":343,"column":49},"end":{"line":343,"column":50}},"loc":{"start":{"line":343,"column":65},"end":{"line":345,"column":17}},"line":343},"40":{"name":"updateStatus","decl":{"start":{"line":366,"column":15},"end":{"line":366,"column":27}},"loc":{"start":{"line":366,"column":39},"end":{"line":368,"column":7}},"line":366},"41":{"name":"(anonymous_41)","decl":{"start":{"line":374,"column":11},"end":{"line":374,"column":12}},"loc":{"start":{"line":374,"column":23},"end":{"line":423,"column":5}},"line":374},"42":{"name":"_callee6","decl":{"start":{"line":377,"column":39},"end":{"line":377,"column":47}},"loc":{"start":{"line":377,"column":58},"end":{"line":416,"column":7}},"line":377},"43":{"name":"_callee6$","decl":{"start":{"line":379,"column":48},"end":{"line":379,"column":57}},"loc":{"start":{"line":379,"column":69},"end":{"line":415,"column":9}},"line":379},"44":{"name":"(anonymous_44)","decl":{"start":{"line":393,"column":50},"end":{"line":393,"column":51}},"loc":{"start":{"line":393,"column":66},"end":{"line":395,"column":17}},"line":393},"45":{"name":"_delete","decl":{"start":{"line":418,"column":15},"end":{"line":418,"column":22}},"loc":{"start":{"line":418,"column":35},"end":{"line":420,"column":7}},"line":418},"46":{"name":"(anonymous_46)","decl":{"start":{"line":426,"column":11},"end":{"line":426,"column":12}},"loc":{"start":{"line":426,"column":23},"end":{"line":471,"column":5}},"line":426},"47":{"name":"_callee7","decl":{"start":{"line":429,"column":39},"end":{"line":429,"column":47}},"loc":{"start":{"line":429,"column":58},"end":{"line":464,"column":7}},"line":429},"48":{"name":"_callee7$","decl":{"start":{"line":431,"column":48},"end":{"line":431,"column":57}},"loc":{"start":{"line":431,"column":69},"end":{"line":463,"column":9}},"line":431},"49":{"name":"(anonymous_49)","decl":{"start":{"line":439,"column":52},"end":{"line":439,"column":53}},"loc":{"start":{"line":439,"column":68},"end":{"line":441,"column":19}},"line":439},"50":{"name":"(anonymous_50)","decl":{"start":{"line":443,"column":52},"end":{"line":443,"column":53}},"loc":{"start":{"line":443,"column":68},"end":{"line":445,"column":19}},"line":443},"51":{"name":"viewProp","decl":{"start":{"line":466,"column":15},"end":{"line":466,"column":23}},"loc":{"start":{"line":466,"column":36},"end":{"line":468,"column":7}},"line":466},"52":{"name":"(anonymous_52)","decl":{"start":{"line":474,"column":11},"end":{"line":474,"column":12}},"loc":{"start":{"line":474,"column":23},"end":{"line":497,"column":5}},"line":474},"53":{"name":"_callee8","decl":{"start":{"line":477,"column":39},"end":{"line":477,"column":47}},"loc":{"start":{"line":477,"column":58},"end":{"line":490,"column":7}},"line":477},"54":{"name":"_callee8$","decl":{"start":{"line":478,"column":48},"end":{"line":478,"column":57}},"loc":{"start":{"line":478,"column":69},"end":{"line":489,"column":9}},"line":478},"55":{"name":"getAllProperty","decl":{"start":{"line":492,"column":15},"end":{"line":492,"column":29}},"loc":{"start":{"line":492,"column":42},"end":{"line":494,"column":7}},"line":492}},"branchMap":{"0":{"loc":{"start":{"line":24,"column":46},"end":{"line":24,"column":94}},"type":"cond-expr","locations":[{"start":{"line":24,"column":70},"end":{"line":24,"column":73}},{"start":{"line":24,"column":76},"end":{"line":24,"column":94}}],"line":24},"1":{"loc":{"start":{"line":24,"column":46},"end":{"line":24,"column":67}},"type":"binary-expr","locations":[{"start":{"line":24,"column":46},"end":{"line":24,"column":49}},{"start":{"line":24,"column":53},"end":{"line":24,"column":67}}],"line":24},"2":{"loc":{"start":{"line":26,"column":91},"end":{"line":26,"column":131}},"type":"cond-expr","locations":[{"start":{"line":26,"column":114},"end":{"line":26,"column":126}},{"start":{"line":26,"column":129},"end":{"line":26,"column":131}}],"line":26},"3":{"loc":{"start":{"line":26,"column":168},"end":{"line":26,"column":382}},"type":"if","locations":[{"start":{"line":26,"column":168},"end":{"line":26,"column":382}},{"start":{"line":26,"column":168},"end":{"line":26,"column":382}}],"line":26},"4":{"loc":{"start":{"line":28,"column":44},"end":{"line":28,"column":195}},"type":"if","locations":[{"start":{"line":28,"column":44},"end":{"line":28,"column":195}},{"start":{"line":28,"column":44},"end":{"line":28,"column":195}}],"line":28},"5":{"loc":{"start":{"line":30,"column":176},"end":{"line":30,"column":263}},"type":"if","locations":[{"start":{"line":30,"column":176},"end":{"line":30,"column":263}},{"start":{"line":30,"column":176},"end":{"line":30,"column":263}}],"line":30},"6":{"loc":{"start":{"line":34,"column":50},"end":{"line":34,"column":151}},"type":"if","locations":[{"start":{"line":34,"column":50},"end":{"line":34,"column":151}},{"start":{"line":34,"column":50},"end":{"line":34,"column":151}}],"line":34},"7":{"loc":{"start":{"line":36,"column":136},"end":{"line":36,"column":166}},"type":"binary-expr","locations":[{"start":{"line":36,"column":136},"end":{"line":36,"column":157}},{"start":{"line":36,"column":161},"end":{"line":36,"column":166}}],"line":36},"8":{"loc":{"start":{"line":36,"column":200},"end":{"line":36,"column":254}},"type":"if","locations":[{"start":{"line":36,"column":200},"end":{"line":36,"column":254}},{"start":{"line":36,"column":200},"end":{"line":36,"column":254}}],"line":36},"9":{"loc":{"start":{"line":38,"column":62},"end":{"line":38,"column":131}},"type":"if","locations":[{"start":{"line":38,"column":62},"end":{"line":38,"column":131}},{"start":{"line":38,"column":62},"end":{"line":38,"column":131}}],"line":38},"10":{"loc":{"start":{"line":38,"column":132},"end":{"line":38,"column":193}},"type":"if","locations":[{"start":{"line":38,"column":132},"end":{"line":38,"column":193}},{"start":{"line":38,"column":132},"end":{"line":38,"column":193}}],"line":38},"11":{"loc":{"start":{"line":63,"column":12},"end":{"line":121,"column":13}},"type":"switch","locations":[{"start":{"line":64,"column":14},"end":{"line":73,"column":121}},{"start":{"line":75,"column":14},"end":{"line":78,"column":61}},{"start":{"line":80,"column":14},"end":{"line":92,"column":76}},{"start":{"line":94,"column":14},"end":{"line":106,"column":112}},{"start":{"line":108,"column":14},"end":{"line":116,"column":104}},{"start":{"line":118,"column":14},"end":{"line":118,"column":22}},{"start":{"line":119,"column":14},"end":{"line":120,"column":39}}],"line":63},"12":{"loc":{"start":{"line":68,"column":16},"end":{"line":71,"column":17}},"type":"if","locations":[{"start":{"line":68,"column":16},"end":{"line":71,"column":17}},{"start":{"line":68,"column":16},"end":{"line":71,"column":17}}],"line":68},"13":{"loc":{"start":{"line":101,"column":16},"end":{"line":104,"column":17}},"type":"if","locations":[{"start":{"line":101,"column":16},"end":{"line":104,"column":17}},{"start":{"line":101,"column":16},"end":{"line":104,"column":17}}],"line":101},"14":{"loc":{"start":{"line":142,"column":12},"end":{"line":204,"column":13}},"type":"switch","locations":[{"start":{"line":143,"column":14},"end":{"line":152,"column":122}},{"start":{"line":154,"column":14},"end":{"line":167,"column":112}},{"start":{"line":169,"column":14},"end":{"line":172,"column":92}},{"start":{"line":174,"column":14},"end":{"line":182,"column":119}},{"start":{"line":184,"column":14},"end":{"line":189,"column":68}},{"start":{"line":191,"column":14},"end":{"line":194,"column":108}},{"start":{"line":196,"column":14},"end":{"line":199,"column":115}},{"start":{"line":201,"column":14},"end":{"line":201,"column":22}},{"start":{"line":202,"column":14},"end":{"line":203,"column":40}}],"line":142},"15":{"loc":{"start":{"line":147,"column":16},"end":{"line":150,"column":17}},"type":"if","locations":[{"start":{"line":147,"column":16},"end":{"line":150,"column":17}},{"start":{"line":147,"column":16},"end":{"line":150,"column":17}}],"line":147},"16":{"loc":{"start":{"line":162,"column":16},"end":{"line":165,"column":17}},"type":"if","locations":[{"start":{"line":162,"column":16},"end":{"line":165,"column":17}},{"start":{"line":162,"column":16},"end":{"line":165,"column":17}}],"line":162},"17":{"loc":{"start":{"line":177,"column":16},"end":{"line":180,"column":17}},"type":"if","locations":[{"start":{"line":177,"column":16},"end":{"line":180,"column":17}},{"start":{"line":177,"column":16},"end":{"line":180,"column":17}}],"line":177},"18":{"loc":{"start":{"line":224,"column":12},"end":{"line":256,"column":13}},"type":"switch","locations":[{"start":{"line":225,"column":14},"end":{"line":234,"column":122}},{"start":{"line":236,"column":14},"end":{"line":251,"column":98}},{"start":{"line":253,"column":14},"end":{"line":253,"column":22}},{"start":{"line":254,"column":14},"end":{"line":255,"column":40}}],"line":224},"19":{"loc":{"start":{"line":229,"column":16},"end":{"line":232,"column":17}},"type":"if","locations":[{"start":{"line":229,"column":16},"end":{"line":232,"column":17}},{"start":{"line":229,"column":16},"end":{"line":232,"column":17}}],"line":229},"20":{"loc":{"start":{"line":276,"column":12},"end":{"line":310,"column":13}},"type":"switch","locations":[{"start":{"line":277,"column":14},"end":{"line":286,"column":105}},{"start":{"line":288,"column":14},"end":{"line":298,"column":112}},{"start":{"line":300,"column":14},"end":{"line":305,"column":96}},{"start":{"line":307,"column":14},"end":{"line":307,"column":22}},{"start":{"line":308,"column":14},"end":{"line":309,"column":40}}],"line":276},"21":{"loc":{"start":{"line":281,"column":16},"end":{"line":284,"column":17}},"type":"if","locations":[{"start":{"line":281,"column":16},"end":{"line":284,"column":17}},{"start":{"line":281,"column":16},"end":{"line":284,"column":17}}],"line":281},"22":{"loc":{"start":{"line":293,"column":16},"end":{"line":296,"column":17}},"type":"if","locations":[{"start":{"line":293,"column":16},"end":{"line":296,"column":17}},{"start":{"line":293,"column":16},"end":{"line":296,"column":17}}],"line":293},"23":{"loc":{"start":{"line":330,"column":12},"end":{"line":361,"column":13}},"type":"switch","locations":[{"start":{"line":331,"column":14},"end":{"line":340,"column":105}},{"start":{"line":342,"column":14},"end":{"line":352,"column":112}},{"start":{"line":354,"column":14},"end":{"line":356,"column":96}},{"start":{"line":358,"column":14},"end":{"line":358,"column":21}},{"start":{"line":359,"column":14},"end":{"line":360,"column":40}}],"line":330},"24":{"loc":{"start":{"line":335,"column":16},"end":{"line":338,"column":17}},"type":"if","locations":[{"start":{"line":335,"column":16},"end":{"line":338,"column":17}},{"start":{"line":335,"column":16},"end":{"line":338,"column":17}}],"line":335},"25":{"loc":{"start":{"line":347,"column":16},"end":{"line":350,"column":17}},"type":"if","locations":[{"start":{"line":347,"column":16},"end":{"line":350,"column":17}},{"start":{"line":347,"column":16},"end":{"line":350,"column":17}}],"line":347},"26":{"loc":{"start":{"line":381,"column":12},"end":{"line":413,"column":13}},"type":"switch","locations":[{"start":{"line":382,"column":14},"end":{"line":390,"column":105}},{"start":{"line":392,"column":14},"end":{"line":403,"column":112}},{"start":{"line":405,"column":14},"end":{"line":408,"column":123}},{"start":{"line":410,"column":14},"end":{"line":410,"column":21}},{"start":{"line":411,"column":14},"end":{"line":412,"column":40}}],"line":381},"27":{"loc":{"start":{"line":385,"column":16},"end":{"line":388,"column":17}},"type":"if","locations":[{"start":{"line":385,"column":16},"end":{"line":388,"column":17}},{"start":{"line":385,"column":16},"end":{"line":388,"column":17}}],"line":385},"28":{"loc":{"start":{"line":398,"column":16},"end":{"line":401,"column":17}},"type":"if","locations":[{"start":{"line":398,"column":16},"end":{"line":401,"column":17}},{"start":{"line":398,"column":16},"end":{"line":401,"column":17}}],"line":398},"29":{"loc":{"start":{"line":433,"column":12},"end":{"line":461,"column":13}},"type":"switch","locations":[{"start":{"line":434,"column":14},"end":{"line":453,"column":112}},{"start":{"line":455,"column":14},"end":{"line":456,"column":97}},{"start":{"line":458,"column":14},"end":{"line":458,"column":21}},{"start":{"line":459,"column":14},"end":{"line":460,"column":40}}],"line":433},"30":{"loc":{"start":{"line":438,"column":16},"end":{"line":446,"column":17}},"type":"if","locations":[{"start":{"line":438,"column":16},"end":{"line":446,"column":17}},{"start":{"line":438,"column":16},"end":{"line":446,"column":17}}],"line":438},"31":{"loc":{"start":{"line":448,"column":16},"end":{"line":451,"column":17}},"type":"if","locations":[{"start":{"line":448,"column":16},"end":{"line":451,"column":17}},{"start":{"line":448,"column":16},"end":{"line":451,"column":17}}],"line":448},"32":{"loc":{"start":{"line":480,"column":12},"end":{"line":487,"column":13}},"type":"switch","locations":[{"start":{"line":481,"column":14},"end":{"line":482,"column":114}},{"start":{"line":484,"column":14},"end":{"line":484,"column":21}},{"start":{"line":485,"column":14},"end":{"line":486,"column":40}}],"line":480}},"s":{"0":1,"1":1,"2":1,"3":1,"4":1,"5":1,"6":1,"7":1,"8":1,"9":1,"10":8,"11":7,"12":7,"13":8,"14":8,"15":8,"16":8,"17":0,"18":8,"19":60,"20":7,"21":60,"22":0,"23":60,"24":60,"25":31,"26":31,"27":31,"28":0,"29":0,"30":31,"31":21,"32":10,"33":8,"34":21,"35":21,"36":21,"37":21,"38":31,"39":0,"40":21,"41":0,"42":0,"43":1,"44":1,"45":8,"46":8,"47":8,"48":8,"49":8,"50":8,"51":1,"52":0,"53":1,"54":1,"55":1,"56":1,"57":1,"58":1,"59":1,"60":0,"61":1,"62":1,"63":9,"64":20,"65":22,"66":9,"67":9,"68":9,"69":1,"70":1,"71":8,"72":1,"73":1,"74":1,"75":1,"76":1,"77":1,"78":1,"79":1,"80":1,"81":1,"82":1,"83":1,"84":1,"85":1,"86":0,"87":1,"88":1,"89":1,"90":1,"91":9,"92":9,"93":1,"94":1,"95":6,"96":20,"97":32,"98":6,"99":6,"100":6,"101":4,"102":4,"103":2,"104":4,"105":4,"106":4,"107":4,"108":4,"109":4,"110":4,"111":0,"112":4,"113":4,"114":4,"115":4,"116":4,"117":4,"118":4,"119":0,"120":4,"121":4,"122":4,"123":4,"124":4,"125":4,"126":0,"127":0,"128":0,"129":6,"130":6,"131":1,"132":1,"133":1,"134":2,"135":3,"136":1,"137":1,"138":1,"139":1,"140":1,"141":0,"142":1,"143":1,"144":1,"145":1,"146":1,"147":1,"148":1,"149":1,"150":1,"151":1,"152":1,"153":1,"154":2,"155":4,"156":1,"157":1,"158":1,"159":1,"160":1,"161":0,"162":1,"163":1,"164":1,"165":1,"166":1,"167":0,"168":1,"169":1,"170":1,"171":1,"172":1,"173":1,"174":1,"175":1,"176":1,"177":1,"178":2,"179":4,"180":1,"181":1,"182":1,"183":1,"184":1,"185":0,"186":1,"187":1,"188":1,"189":1,"190":1,"191":0,"192":1,"193":1,"194":1,"195":1,"196":1,"197":1,"198":0,"199":0,"200":0,"201":0,"202":0,"203":0,"204":0,"205":0,"206":0,"207":0,"208":0,"209":0,"210":0,"211":0,"212":0,"213":0,"214":0,"215":0,"216":0,"217":1,"218":1,"219":2,"220":4,"221":5,"222":2,"223":2,"224":2,"225":2,"226":3,"227":0,"228":0,"229":2,"230":1,"231":1,"232":1,"233":1,"234":2,"235":2,"236":1,"237":1,"238":1,"239":2,"240":2,"241":1,"242":1,"243":1,"244":1,"245":1,"246":1,"247":1},"f":{"0":8,"1":7,"2":0,"3":60,"4":60,"5":31,"6":8,"7":21,"8":21,"9":31,"10":0,"11":0,"12":1,"13":1,"14":1,"15":0,"16":1,"17":9,"18":20,"19":1,"20":9,"21":1,"22":6,"23":20,"24":4,"25":6,"26":1,"27":1,"28":2,"29":1,"30":1,"31":1,"32":1,"33":2,"34":1,"35":1,"36":1,"37":1,"38":2,"39":1,"40":1,"41":1,"42":0,"43":0,"44":0,"45":0,"46":1,"47":2,"48":4,"49":3,"50":0,"51":2,"52":1,"53":1,"54":2,"55":1},"b":{"0":[5,3],"1":[8,8],"2":[8,0],"3":[8,0],"4":[0,60],"5":[21,10],"6":[0,0],"7":[8,8],"8":[8,0],"9":[0,1],"10":[1,0],"11":[9,1,1,1,1,0,9],"12":[1,8],"13":[1,0],"14":[6,4,4,4,4,4,0,0,6],"15":[4,2],"16":[4,0],"17":[4,0],"18":[1,1,0,1],"19":[1,0],"20":[1,1,1,0,1],"21":[1,0],"22":[1,0],"23":[1,1,1,0,1],"24":[1,0],"25":[1,0],"26":[0,0,0,0,0],"27":[0,0],"28":[0,0],"29":[2,1,0,2],"30":[2,0],"31":[1,1],"32":[1,0,1]},"_coverageSchema":"43e27e138ebf9cfc5966b082cf9a028302ed4184","hash":"be704db2b293b7965a36482635dc3ab4b8643a85","contentHash":"8c4091611b40f30d765219bf8249a0e3887ec12495080a992d91ffb15c4581e5"},"C:\\Users\\Rock\\Desktop\\PropertyPro-Lite\\model\\User.js":{"path":"C:\\Users\\Rock\\Desktop\\PropertyPro-Lite\\model\\User.js","statementMap":{"0":{"start":{"line":3,"column":0},"end":{"line":5,"column":3}},"1":{"start":{"line":6,"column":0},"end":{"line":6,"column":28}},"2":{"start":{"line":7,"column":16},"end":{"line":17,"column":2}},"3":{"start":{"line":18,"column":15},"end":{"line":18,"column":24}},"4":{"start":{"line":19,"column":0},"end":{"line":19,"column":30}}},"fnMap":{},"branchMap":{},"s":{"0":1,"1":1,"2":1,"3":1,"4":1},"f":{},"b":{},"_coverageSchema":"43e27e138ebf9cfc5966b082cf9a028302ed4184","hash":"694457788f6999c276af6b6cc995a213041bcff3","contentHash":"e028e431d7a0d7d66fc5a0a10a8897fe073ed195e829f2d67cb83baf22f8782d"},"C:\\Users\\Rock\\Desktop\\PropertyPro-Lite\\model\\Property.js":{"path":"C:\\Users\\Rock\\Desktop\\PropertyPro-Lite\\model\\Property.js","statementMap":{"0":{"start":{"line":3,"column":0},"end":{"line":5,"column":3}},"1":{"start":{"line":6,"column":0},"end":{"line":6,"column":28}},"2":{"start":{"line":7,"column":11},"end":{"line":18,"column":2}},"3":{"start":{"line":19,"column":15},"end":{"line":19,"column":19}},"4":{"start":{"line":20,"column":0},"end":{"line":20,"column":30}}},"fnMap":{},"branchMap":{},"s":{"0":1,"1":1,"2":1,"3":1,"4":1},"f":{},"b":{},"_coverageSchema":"43e27e138ebf9cfc5966b082cf9a028302ed4184","hash":"9c9a4864c2f0aa861b0276f364f1f05a3715a098","contentHash":"df706aebb400a81f32c43c2d4155f91a45b8a7bce956b64e77f0942e6a155855"},"C:\\Users\\Rock\\Desktop\\PropertyPro-Lite\\helpers\\Validation.js":{"path":"C:\\Users\\Rock\\Desktop\\PropertyPro-Lite\\helpers\\Validation.js","statementMap":{"0":{"start":{"line":3,"column":0},"end":{"line":5,"column":3}},"1":{"start":{"line":6,"column":0},"end":{"line":6,"column":28}},"2":{"start":{"line":8,"column":11},"end":{"line":8,"column":49}},"3":{"start":{"line":10,"column":14},"end":{"line":10,"column":55}},"4":{"start":{"line":12,"column":39},"end":{"line":12,"column":95}},"5":{"start":{"line":14,"column":77},"end":{"line":14,"column":175}},"6":{"start":{"line":14,"column":94},"end":{"line":14,"column":107}},"7":{"start":{"line":14,"column":121},"end":{"line":14,"column":131}},"8":{"start":{"line":14,"column":151},"end":{"line":14,"column":165}},"9":{"start":{"line":14,"column":166},"end":{"line":14,"column":173}},"10":{"start":{"line":14,"column":176},"end":{"line":14,"column":263}},"11":{"start":{"line":14,"column":193},"end":{"line":14,"column":208}},"12":{"start":{"line":14,"column":218},"end":{"line":14,"column":261}},"13":{"start":{"line":16,"column":33},"end":{"line":16,"column":387}},"14":{"start":{"line":16,"column":65},"end":{"line":16,"column":69}},"15":{"start":{"line":16,"column":78},"end":{"line":16,"column":87}},"16":{"start":{"line":16,"column":89},"end":{"line":16,"column":384}},"17":{"start":{"line":16,"column":147},"end":{"line":16,"column":167}},"18":{"start":{"line":16,"column":193},"end":{"line":16,"column":264}},"19":{"start":{"line":16,"column":290},"end":{"line":16,"column":360}},"20":{"start":{"line":16,"column":363},"end":{"line":16,"column":380}},"21":{"start":{"line":18,"column":33},"end":{"line":18,"column":464}},"22":{"start":{"line":18,"column":46},"end":{"line":18,"column":47}},"23":{"start":{"line":18,"column":91},"end":{"line":18,"column":131}},"24":{"start":{"line":18,"column":147},"end":{"line":18,"column":166}},"25":{"start":{"line":18,"column":168},"end":{"line":18,"column":382}},"26":{"start":{"line":18,"column":226},"end":{"line":18,"column":380}},"27":{"start":{"line":18,"column":312},"end":{"line":18,"column":375}},"28":{"start":{"line":18,"column":383},"end":{"line":18,"column":462}},"29":{"start":{"line":18,"column":416},"end":{"line":18,"column":458}},"30":{"start":{"line":18,"column":465},"end":{"line":18,"column":479}},"31":{"start":{"line":20,"column":44},"end":{"line":20,"column":195}},"32":{"start":{"line":20,"column":62},"end":{"line":20,"column":166}},"33":{"start":{"line":20,"column":176},"end":{"line":20,"column":193}},"34":{"start":{"line":20,"column":196},"end":{"line":20,"column":207}},"35":{"start":{"line":22,"column":50},"end":{"line":22,"column":151}},"36":{"start":{"line":22,"column":92},"end":{"line":22,"column":149}},"37":{"start":{"line":24,"column":44},"end":{"line":24,"column":315}},"38":{"start":{"line":24,"column":57},"end":{"line":24,"column":58}},"39":{"start":{"line":24,"column":102},"end":{"line":24,"column":110}},"40":{"start":{"line":24,"column":112},"end":{"line":24,"column":167}},"41":{"start":{"line":24,"column":168},"end":{"line":24,"column":199}},"42":{"start":{"line":24,"column":200},"end":{"line":24,"column":254}},"43":{"start":{"line":24,"column":227},"end":{"line":24,"column":254}},"44":{"start":{"line":24,"column":255},"end":{"line":24,"column":313}},"45":{"start":{"line":26,"column":62},"end":{"line":26,"column":131}},"46":{"start":{"line":26,"column":78},"end":{"line":26,"column":131}},"47":{"start":{"line":26,"column":132},"end":{"line":26,"column":193}},"48":{"start":{"line":26,"column":149},"end":{"line":26,"column":193}},"49":{"start":{"line":26,"column":194},"end":{"line":26,"column":213}},"50":{"start":{"line":30,"column":0},"end":{"line":189,"column":3}},"51":{"start":{"line":32,"column":4},"end":{"line":32,"column":38}},"52":{"start":{"line":35,"column":2},"end":{"line":186,"column":6}},"53":{"start":{"line":38,"column":6},"end":{"line":40,"column":43}},"54":{"start":{"line":45,"column":6},"end":{"line":45,"column":67}},"55":{"start":{"line":50,"column":6},"end":{"line":50,"column":38}},"56":{"start":{"line":55,"column":6},"end":{"line":61,"column":9}},"57":{"start":{"line":66,"column":6},"end":{"line":66,"column":71}},"58":{"start":{"line":71,"column":6},"end":{"line":79,"column":8}},"59":{"start":{"line":80,"column":6},"end":{"line":80,"column":25}},"60":{"start":{"line":85,"column":6},"end":{"line":92,"column":8}},"61":{"start":{"line":93,"column":6},"end":{"line":93,"column":25}},"62":{"start":{"line":98,"column":27},"end":{"line":98,"column":50}},"63":{"start":{"line":99,"column":6},"end":{"line":102,"column":9}},"64":{"start":{"line":103,"column":6},"end":{"line":103,"column":25}},"65":{"start":{"line":108,"column":6},"end":{"line":111,"column":8}},"66":{"start":{"line":112,"column":6},"end":{"line":112,"column":25}},"67":{"start":{"line":117,"column":6},"end":{"line":122,"column":8}},"68":{"start":{"line":123,"column":6},"end":{"line":123,"column":25}},"69":{"start":{"line":128,"column":26},"end":{"line":145,"column":9}},"70":{"start":{"line":131,"column":8},"end":{"line":144,"column":26}},"71":{"start":{"line":132,"column":10},"end":{"line":143,"column":11}},"72":{"start":{"line":133,"column":12},"end":{"line":142,"column":13}},"73":{"start":{"line":135,"column":16},"end":{"line":135,"column":37}},"74":{"start":{"line":136,"column":16},"end":{"line":136,"column":46}},"75":{"start":{"line":137,"column":16},"end":{"line":137,"column":111}},"76":{"start":{"line":141,"column":16},"end":{"line":141,"column":39}},"77":{"start":{"line":148,"column":8},"end":{"line":148,"column":52}},"78":{"start":{"line":151,"column":6},"end":{"line":151,"column":26}},"79":{"start":{"line":156,"column":28},"end":{"line":173,"column":9}},"80":{"start":{"line":159,"column":8},"end":{"line":172,"column":27}},"81":{"start":{"line":160,"column":10},"end":{"line":171,"column":11}},"82":{"start":{"line":161,"column":12},"end":{"line":170,"column":13}},"83":{"start":{"line":163,"column":16},"end":{"line":163,"column":33}},"84":{"start":{"line":164,"column":16},"end":{"line":164,"column":46}},"85":{"start":{"line":165,"column":16},"end":{"line":165,"column":109}},"86":{"start":{"line":169,"column":16},"end":{"line":169,"column":40}},"87":{"start":{"line":176,"column":8},"end":{"line":176,"column":54}},"88":{"start":{"line":179,"column":6},"end":{"line":179,"column":28}},"89":{"start":{"line":184,"column":6},"end":{"line":184,"column":30}},"90":{"start":{"line":188,"column":2},"end":{"line":188,"column":20}},"91":{"start":{"line":191,"column":15},"end":{"line":191,"column":25}},"92":{"start":{"line":192,"column":0},"end":{"line":192,"column":30}}},"fnMap":{"0":{"name":"_interopRequireDefault","decl":{"start":{"line":12,"column":9},"end":{"line":12,"column":31}},"loc":{"start":{"line":12,"column":37},"end":{"line":12,"column":97}},"line":12},"1":{"name":"asyncGeneratorStep","decl":{"start":{"line":14,"column":9},"end":{"line":14,"column":27}},"loc":{"start":{"line":14,"column":75},"end":{"line":14,"column":265}},"line":14},"2":{"name":"_asyncToGenerator","decl":{"start":{"line":16,"column":9},"end":{"line":16,"column":26}},"loc":{"start":{"line":16,"column":31},"end":{"line":16,"column":389}},"line":16},"3":{"name":"(anonymous_3)","decl":{"start":{"line":16,"column":40},"end":{"line":16,"column":41}},"loc":{"start":{"line":16,"column":52},"end":{"line":16,"column":386}},"line":16},"4":{"name":"(anonymous_4)","decl":{"start":{"line":16,"column":108},"end":{"line":16,"column":109}},"loc":{"start":{"line":16,"column":135},"end":{"line":16,"column":382}},"line":16},"5":{"name":"_next","decl":{"start":{"line":16,"column":178},"end":{"line":16,"column":183}},"loc":{"start":{"line":16,"column":191},"end":{"line":16,"column":266}},"line":16},"6":{"name":"_throw","decl":{"start":{"line":16,"column":276},"end":{"line":16,"column":282}},"loc":{"start":{"line":16,"column":288},"end":{"line":16,"column":362}},"line":16},"7":{"name":"_objectSpread","decl":{"start":{"line":18,"column":9},"end":{"line":18,"column":22}},"loc":{"start":{"line":18,"column":31},"end":{"line":18,"column":481}},"line":18},"8":{"name":"(anonymous_8)","decl":{"start":{"line":18,"column":295},"end":{"line":18,"column":296}},"loc":{"start":{"line":18,"column":310},"end":{"line":18,"column":377}},"line":18},"9":{"name":"(anonymous_9)","decl":{"start":{"line":18,"column":399},"end":{"line":18,"column":400}},"loc":{"start":{"line":18,"column":414},"end":{"line":18,"column":460}},"line":18},"10":{"name":"_defineProperty","decl":{"start":{"line":20,"column":9},"end":{"line":20,"column":24}},"loc":{"start":{"line":20,"column":42},"end":{"line":20,"column":209}},"line":20},"11":{"name":"_classCallCheck","decl":{"start":{"line":22,"column":9},"end":{"line":22,"column":24}},"loc":{"start":{"line":22,"column":48},"end":{"line":22,"column":153}},"line":22},"12":{"name":"_defineProperties","decl":{"start":{"line":24,"column":9},"end":{"line":24,"column":26}},"loc":{"start":{"line":24,"column":42},"end":{"line":24,"column":317}},"line":24},"13":{"name":"_createClass","decl":{"start":{"line":26,"column":9},"end":{"line":26,"column":21}},"loc":{"start":{"line":26,"column":60},"end":{"line":26,"column":215}},"line":26},"14":{"name":"(anonymous_14)","decl":{"start":{"line":30,"column":0},"end":{"line":30,"column":1}},"loc":{"start":{"line":30,"column":12},"end":{"line":189,"column":1}},"line":30},"15":{"name":"Validation","decl":{"start":{"line":31,"column":11},"end":{"line":31,"column":21}},"loc":{"start":{"line":31,"column":24},"end":{"line":33,"column":3}},"line":31},"16":{"name":"sanitizeEmail","decl":{"start":{"line":37,"column":20},"end":{"line":37,"column":33}},"loc":{"start":{"line":37,"column":36},"end":{"line":41,"column":5}},"line":37},"17":{"name":"sanitizePassword","decl":{"start":{"line":44,"column":20},"end":{"line":44,"column":36}},"loc":{"start":{"line":44,"column":39},"end":{"line":46,"column":5}},"line":44},"18":{"name":"sanitizePhone","decl":{"start":{"line":49,"column":20},"end":{"line":49,"column":33}},"loc":{"start":{"line":49,"column":36},"end":{"line":51,"column":5}},"line":49},"19":{"name":"sanitizeConfirmPassword","decl":{"start":{"line":54,"column":20},"end":{"line":54,"column":43}},"loc":{"start":{"line":54,"column":46},"end":{"line":62,"column":5}},"line":54},"20":{"name":"sanitizeName","decl":{"start":{"line":65,"column":20},"end":{"line":65,"column":32}},"loc":{"start":{"line":65,"column":35},"end":{"line":67,"column":5}},"line":65},"21":{"name":"validateRegister","decl":{"start":{"line":70,"column":20},"end":{"line":70,"column":36}},"loc":{"start":{"line":70,"column":39},"end":{"line":81,"column":5}},"line":70},"22":{"name":"validateCreateProp","decl":{"start":{"line":84,"column":20},"end":{"line":84,"column":38}},"loc":{"start":{"line":84,"column":41},"end":{"line":94,"column":5}},"line":84},"23":{"name":"validateAdmin","decl":{"start":{"line":97,"column":20},"end":{"line":97,"column":33}},"loc":{"start":{"line":97,"column":36},"end":{"line":104,"column":5}},"line":97},"24":{"name":"validateSignin","decl":{"start":{"line":107,"column":20},"end":{"line":107,"column":34}},"loc":{"start":{"line":107,"column":37},"end":{"line":113,"column":5}},"line":107},"25":{"name":"validateCreateAccount","decl":{"start":{"line":116,"column":20},"end":{"line":116,"column":41}},"loc":{"start":{"line":116,"column":44},"end":{"line":124,"column":5}},"line":116},"26":{"name":"(anonymous_26)","decl":{"start":{"line":127,"column":11},"end":{"line":127,"column":12}},"loc":{"start":{"line":127,"column":23},"end":{"line":152,"column":5}},"line":127},"27":{"name":"_callee","decl":{"start":{"line":130,"column":39},"end":{"line":130,"column":46}},"loc":{"start":{"line":130,"column":57},"end":{"line":145,"column":7}},"line":130},"28":{"name":"_callee$","decl":{"start":{"line":131,"column":48},"end":{"line":131,"column":56}},"loc":{"start":{"line":131,"column":67},"end":{"line":144,"column":9}},"line":131},"29":{"name":"hashPassword","decl":{"start":{"line":147,"column":15},"end":{"line":147,"column":27}},"loc":{"start":{"line":147,"column":32},"end":{"line":149,"column":7}},"line":147},"30":{"name":"(anonymous_30)","decl":{"start":{"line":155,"column":11},"end":{"line":155,"column":12}},"loc":{"start":{"line":155,"column":23},"end":{"line":180,"column":5}},"line":155},"31":{"name":"_callee2","decl":{"start":{"line":158,"column":39},"end":{"line":158,"column":47}},"loc":{"start":{"line":158,"column":64},"end":{"line":173,"column":7}},"line":158},"32":{"name":"_callee2$","decl":{"start":{"line":159,"column":48},"end":{"line":159,"column":57}},"loc":{"start":{"line":159,"column":69},"end":{"line":172,"column":9}},"line":159},"33":{"name":"verifyPassword","decl":{"start":{"line":175,"column":15},"end":{"line":175,"column":29}},"loc":{"start":{"line":175,"column":40},"end":{"line":177,"column":7}},"line":175},"34":{"name":"init","decl":{"start":{"line":183,"column":20},"end":{"line":183,"column":24}},"loc":{"start":{"line":183,"column":27},"end":{"line":185,"column":5}},"line":183}},"branchMap":{"0":{"loc":{"start":{"line":12,"column":46},"end":{"line":12,"column":94}},"type":"cond-expr","locations":[{"start":{"line":12,"column":70},"end":{"line":12,"column":73}},{"start":{"line":12,"column":76},"end":{"line":12,"column":94}}],"line":12},"1":{"loc":{"start":{"line":12,"column":46},"end":{"line":12,"column":67}},"type":"binary-expr","locations":[{"start":{"line":12,"column":46},"end":{"line":12,"column":49}},{"start":{"line":12,"column":53},"end":{"line":12,"column":67}}],"line":12},"2":{"loc":{"start":{"line":14,"column":176},"end":{"line":14,"column":263}},"type":"if","locations":[{"start":{"line":14,"column":176},"end":{"line":14,"column":263}},{"start":{"line":14,"column":176},"end":{"line":14,"column":263}}],"line":14},"3":{"loc":{"start":{"line":18,"column":91},"end":{"line":18,"column":131}},"type":"cond-expr","locations":[{"start":{"line":18,"column":114},"end":{"line":18,"column":126}},{"start":{"line":18,"column":129},"end":{"line":18,"column":131}}],"line":18},"4":{"loc":{"start":{"line":18,"column":168},"end":{"line":18,"column":382}},"type":"if","locations":[{"start":{"line":18,"column":168},"end":{"line":18,"column":382}},{"start":{"line":18,"column":168},"end":{"line":18,"column":382}}],"line":18},"5":{"loc":{"start":{"line":20,"column":44},"end":{"line":20,"column":195}},"type":"if","locations":[{"start":{"line":20,"column":44},"end":{"line":20,"column":195}},{"start":{"line":20,"column":44},"end":{"line":20,"column":195}}],"line":20},"6":{"loc":{"start":{"line":22,"column":50},"end":{"line":22,"column":151}},"type":"if","locations":[{"start":{"line":22,"column":50},"end":{"line":22,"column":151}},{"start":{"line":22,"column":50},"end":{"line":22,"column":151}}],"line":22},"7":{"loc":{"start":{"line":24,"column":136},"end":{"line":24,"column":166}},"type":"binary-expr","locations":[{"start":{"line":24,"column":136},"end":{"line":24,"column":157}},{"start":{"line":24,"column":161},"end":{"line":24,"column":166}}],"line":24},"8":{"loc":{"start":{"line":24,"column":200},"end":{"line":24,"column":254}},"type":"if","locations":[{"start":{"line":24,"column":200},"end":{"line":24,"column":254}},{"start":{"line":24,"column":200},"end":{"line":24,"column":254}}],"line":24},"9":{"loc":{"start":{"line":26,"column":62},"end":{"line":26,"column":131}},"type":"if","locations":[{"start":{"line":26,"column":62},"end":{"line":26,"column":131}},{"start":{"line":26,"column":62},"end":{"line":26,"column":131}}],"line":26},"10":{"loc":{"start":{"line":26,"column":132},"end":{"line":26,"column":193}},"type":"if","locations":[{"start":{"line":26,"column":132},"end":{"line":26,"column":193}},{"start":{"line":26,"column":132},"end":{"line":26,"column":193}}],"line":26},"11":{"loc":{"start":{"line":133,"column":12},"end":{"line":142,"column":13}},"type":"switch","locations":[{"start":{"line":134,"column":14},"end":{"line":137,"column":111}},{"start":{"line":139,"column":14},"end":{"line":139,"column":21}},{"start":{"line":140,"column":14},"end":{"line":141,"column":39}}],"line":133},"12":{"loc":{"start":{"line":161,"column":12},"end":{"line":170,"column":13}},"type":"switch","locations":[{"start":{"line":162,"column":14},"end":{"line":165,"column":109}},{"start":{"line":167,"column":14},"end":{"line":167,"column":21}},{"start":{"line":168,"column":14},"end":{"line":169,"column":40}}],"line":161}},"s":{"0":1,"1":1,"2":1,"3":1,"4":2,"5":5,"6":5,"7":5,"8":0,"9":0,"10":5,"11":5,"12":0,"13":2,"14":5,"15":5,"16":5,"17":5,"18":5,"19":0,"20":5,"21":0,"22":0,"23":0,"24":0,"25":0,"26":0,"27":0,"28":0,"29":0,"30":0,"31":0,"32":0,"33":0,"34":0,"35":21,"36":0,"37":2,"38":2,"39":13,"40":13,"41":13,"42":13,"43":13,"44":13,"45":1,"46":1,"47":1,"48":1,"49":1,"50":1,"51":21,"52":1,"53":15,"54":15,"55":0,"56":9,"57":41,"58":9,"59":9,"60":1,"61":1,"62":0,"63":0,"64":0,"65":6,"66":6,"67":0,"68":0,"69":1,"70":1,"71":2,"72":2,"73":1,"74":1,"75":1,"76":1,"77":1,"78":1,"79":1,"80":4,"81":8,"82":8,"83":4,"84":4,"85":4,"86":4,"87":4,"88":1,"89":21,"90":1,"91":1,"92":1},"f":{"0":2,"1":5,"2":2,"3":5,"4":5,"5":5,"6":0,"7":0,"8":0,"9":0,"10":0,"11":21,"12":2,"13":1,"14":1,"15":21,"16":15,"17":15,"18":0,"19":9,"20":41,"21":9,"22":1,"23":0,"24":6,"25":0,"26":1,"27":1,"28":2,"29":1,"30":1,"31":4,"32":8,"33":4,"34":21},"b":{"0":[0,2],"1":[2,2],"2":[5,0],"3":[0,0],"4":[0,0],"5":[0,0],"6":[0,21],"7":[13,13],"8":[13,0],"9":[1,0],"10":[1,0],"11":[1,0,1],"12":[4,0,4]},"_coverageSchema":"43e27e138ebf9cfc5966b082cf9a028302ed4184","hash":"54e2f93285ad25bc7225f0165e9bc92c62f3d183","contentHash":"fc5d9706b6509e4645927ac9f0a171aadb1dce79118476999ac498b4e3aa941e"},"C:\\Users\\Rock\\Desktop\\PropertyPro-Lite\\helpers\\Auth.js":{"path":"C:\\Users\\Rock\\Desktop\\PropertyPro-Lite\\helpers\\Auth.js","statementMap":{"0":{"start":{"line":3,"column":0},"end":{"line":5,"column":3}},"1":{"start":{"line":6,"column":0},"end":{"line":6,"column":28}},"2":{"start":{"line":8,"column":20},"end":{"line":8,"column":67}},"3":{"start":{"line":10,"column":16},"end":{"line":10,"column":61}},"4":{"start":{"line":12,"column":12},"end":{"line":12,"column":60}},"5":{"start":{"line":14,"column":39},"end":{"line":14,"column":95}},"6":{"start":{"line":16,"column":77},"end":{"line":16,"column":175}},"7":{"start":{"line":16,"column":94},"end":{"line":16,"column":107}},"8":{"start":{"line":16,"column":121},"end":{"line":16,"column":131}},"9":{"start":{"line":16,"column":151},"end":{"line":16,"column":165}},"10":{"start":{"line":16,"column":166},"end":{"line":16,"column":173}},"11":{"start":{"line":16,"column":176},"end":{"line":16,"column":263}},"12":{"start":{"line":16,"column":193},"end":{"line":16,"column":208}},"13":{"start":{"line":16,"column":218},"end":{"line":16,"column":261}},"14":{"start":{"line":18,"column":33},"end":{"line":18,"column":387}},"15":{"start":{"line":18,"column":65},"end":{"line":18,"column":69}},"16":{"start":{"line":18,"column":78},"end":{"line":18,"column":87}},"17":{"start":{"line":18,"column":89},"end":{"line":18,"column":384}},"18":{"start":{"line":18,"column":147},"end":{"line":18,"column":167}},"19":{"start":{"line":18,"column":193},"end":{"line":18,"column":264}},"20":{"start":{"line":18,"column":290},"end":{"line":18,"column":360}},"21":{"start":{"line":18,"column":363},"end":{"line":18,"column":380}},"22":{"start":{"line":21,"column":11},"end":{"line":127,"column":1}},"23":{"start":{"line":23,"column":25},"end":{"line":52,"column":7}},"24":{"start":{"line":27,"column":6},"end":{"line":51,"column":34}},"25":{"start":{"line":28,"column":8},"end":{"line":50,"column":9}},"26":{"start":{"line":29,"column":10},"end":{"line":49,"column":11}},"27":{"start":{"line":31,"column":14},"end":{"line":31,"column":32}},"28":{"start":{"line":32,"column":14},"end":{"line":32,"column":32}},"29":{"start":{"line":33,"column":14},"end":{"line":35,"column":41}},"30":{"start":{"line":38,"column":14},"end":{"line":38,"column":36}},"31":{"start":{"line":39,"column":14},"end":{"line":39,"column":54}},"32":{"start":{"line":42,"column":14},"end":{"line":42,"column":32}},"33":{"start":{"line":43,"column":14},"end":{"line":43,"column":49}},"34":{"start":{"line":44,"column":14},"end":{"line":44,"column":54}},"35":{"start":{"line":48,"column":14},"end":{"line":48,"column":37}},"36":{"start":{"line":55,"column":6},"end":{"line":55,"column":51}},"37":{"start":{"line":58,"column":4},"end":{"line":58,"column":25}},"38":{"start":{"line":62,"column":23},"end":{"line":119,"column":7}},"39":{"start":{"line":66,"column":6},"end":{"line":118,"column":36}},"40":{"start":{"line":67,"column":8},"end":{"line":117,"column":9}},"41":{"start":{"line":68,"column":10},"end":{"line":116,"column":11}},"42":{"start":{"line":70,"column":14},"end":{"line":70,"column":52}},"43":{"start":{"line":72,"column":14},"end":{"line":75,"column":15}},"44":{"start":{"line":73,"column":16},"end":{"line":73,"column":35}},"45":{"start":{"line":74,"column":16},"end":{"line":74,"column":22}},"46":{"start":{"line":77,"column":14},"end":{"line":77,"column":124}},"47":{"start":{"line":80,"column":14},"end":{"line":80,"column":33}},"48":{"start":{"line":81,"column":14},"end":{"line":81,"column":33}},"49":{"start":{"line":82,"column":14},"end":{"line":82,"column":84}},"50":{"start":{"line":85,"column":14},"end":{"line":85,"column":39}},"51":{"start":{"line":86,"column":14},"end":{"line":86,"column":34}},"52":{"start":{"line":87,"column":14},"end":{"line":89,"column":16}},"53":{"start":{"line":91,"column":14},"end":{"line":93,"column":17}},"54":{"start":{"line":92,"column":16},"end":{"line":92,"column":45}},"55":{"start":{"line":95,"column":14},"end":{"line":98,"column":15}},"56":{"start":{"line":96,"column":16},"end":{"line":96,"column":36}},"57":{"start":{"line":97,"column":16},"end":{"line":97,"column":22}},"58":{"start":{"line":100,"column":14},"end":{"line":100,"column":114}},"59":{"start":{"line":103,"column":14},"end":{"line":103,"column":34}},"60":{"start":{"line":104,"column":14},"end":{"line":104,"column":21}},"61":{"start":{"line":105,"column":14},"end":{"line":105,"column":34}},"62":{"start":{"line":106,"column":14},"end":{"line":106,"column":20}},"63":{"start":{"line":109,"column":14},"end":{"line":109,"column":34}},"64":{"start":{"line":110,"column":14},"end":{"line":110,"column":51}},"65":{"start":{"line":111,"column":14},"end":{"line":111,"column":113}},"66":{"start":{"line":115,"column":14},"end":{"line":115,"column":38}},"67":{"start":{"line":122,"column":6},"end":{"line":122,"column":49}},"68":{"start":{"line":125,"column":4},"end":{"line":125,"column":23}},"69":{"start":{"line":128,"column":15},"end":{"line":128,"column":19}},"70":{"start":{"line":129,"column":0},"end":{"line":129,"column":30}}},"fnMap":{"0":{"name":"_interopRequireDefault","decl":{"start":{"line":14,"column":9},"end":{"line":14,"column":31}},"loc":{"start":{"line":14,"column":37},"end":{"line":14,"column":97}},"line":14},"1":{"name":"asyncGeneratorStep","decl":{"start":{"line":16,"column":9},"end":{"line":16,"column":27}},"loc":{"start":{"line":16,"column":75},"end":{"line":16,"column":265}},"line":16},"2":{"name":"_asyncToGenerator","decl":{"start":{"line":18,"column":9},"end":{"line":18,"column":26}},"loc":{"start":{"line":18,"column":31},"end":{"line":18,"column":389}},"line":18},"3":{"name":"(anonymous_3)","decl":{"start":{"line":18,"column":40},"end":{"line":18,"column":41}},"loc":{"start":{"line":18,"column":52},"end":{"line":18,"column":386}},"line":18},"4":{"name":"(anonymous_4)","decl":{"start":{"line":18,"column":108},"end":{"line":18,"column":109}},"loc":{"start":{"line":18,"column":135},"end":{"line":18,"column":382}},"line":18},"5":{"name":"_next","decl":{"start":{"line":18,"column":178},"end":{"line":18,"column":183}},"loc":{"start":{"line":18,"column":191},"end":{"line":18,"column":266}},"line":18},"6":{"name":"_throw","decl":{"start":{"line":18,"column":276},"end":{"line":18,"column":282}},"loc":{"start":{"line":18,"column":288},"end":{"line":18,"column":362}},"line":18},"7":{"name":"(anonymous_7)","decl":{"start":{"line":22,"column":17},"end":{"line":22,"column":18}},"loc":{"start":{"line":22,"column":29},"end":{"line":59,"column":3}},"line":22},"8":{"name":"_callee","decl":{"start":{"line":25,"column":37},"end":{"line":25,"column":44}},"loc":{"start":{"line":25,"column":51},"end":{"line":52,"column":5}},"line":25},"9":{"name":"_callee$","decl":{"start":{"line":27,"column":46},"end":{"line":27,"column":54}},"loc":{"start":{"line":27,"column":65},"end":{"line":51,"column":7}},"line":27},"10":{"name":"generateToken","decl":{"start":{"line":54,"column":13},"end":{"line":54,"column":26}},"loc":{"start":{"line":54,"column":31},"end":{"line":56,"column":5}},"line":54},"11":{"name":"(anonymous_11)","decl":{"start":{"line":61,"column":15},"end":{"line":61,"column":16}},"loc":{"start":{"line":61,"column":27},"end":{"line":126,"column":3}},"line":61},"12":{"name":"_callee2","decl":{"start":{"line":64,"column":37},"end":{"line":64,"column":45}},"loc":{"start":{"line":64,"column":62},"end":{"line":119,"column":5}},"line":64},"13":{"name":"_callee2$","decl":{"start":{"line":66,"column":46},"end":{"line":66,"column":55}},"loc":{"start":{"line":66,"column":67},"end":{"line":118,"column":7}},"line":66},"14":{"name":"(anonymous_14)","decl":{"start":{"line":91,"column":44},"end":{"line":91,"column":45}},"loc":{"start":{"line":91,"column":60},"end":{"line":93,"column":15}},"line":91},"15":{"name":"verifyToken","decl":{"start":{"line":121,"column":13},"end":{"line":121,"column":24}},"loc":{"start":{"line":121,"column":40},"end":{"line":123,"column":5}},"line":121}},"branchMap":{"0":{"loc":{"start":{"line":14,"column":46},"end":{"line":14,"column":94}},"type":"cond-expr","locations":[{"start":{"line":14,"column":70},"end":{"line":14,"column":73}},{"start":{"line":14,"column":76},"end":{"line":14,"column":94}}],"line":14},"1":{"loc":{"start":{"line":14,"column":46},"end":{"line":14,"column":67}},"type":"binary-expr","locations":[{"start":{"line":14,"column":46},"end":{"line":14,"column":49}},{"start":{"line":14,"column":53},"end":{"line":14,"column":67}}],"line":14},"2":{"loc":{"start":{"line":16,"column":176},"end":{"line":16,"column":263}},"type":"if","locations":[{"start":{"line":16,"column":176},"end":{"line":16,"column":263}},{"start":{"line":16,"column":176},"end":{"line":16,"column":263}}],"line":16},"3":{"loc":{"start":{"line":29,"column":10},"end":{"line":49,"column":11}},"type":"switch","locations":[{"start":{"line":30,"column":12},"end":{"line":35,"column":41}},{"start":{"line":37,"column":12},"end":{"line":39,"column":54}},{"start":{"line":41,"column":12},"end":{"line":44,"column":54}},{"start":{"line":46,"column":12},"end":{"line":46,"column":20}},{"start":{"line":47,"column":12},"end":{"line":48,"column":37}}],"line":29},"4":{"loc":{"start":{"line":68,"column":10},"end":{"line":116,"column":11}},"type":"switch","locations":[{"start":{"line":69,"column":12},"end":{"line":77,"column":124}},{"start":{"line":79,"column":12},"end":{"line":82,"column":84}},{"start":{"line":84,"column":12},"end":{"line":100,"column":114}},{"start":{"line":102,"column":12},"end":{"line":106,"column":20}},{"start":{"line":108,"column":12},"end":{"line":111,"column":113}},{"start":{"line":113,"column":12},"end":{"line":113,"column":20}},{"start":{"line":114,"column":12},"end":{"line":115,"column":38}}],"line":68},"5":{"loc":{"start":{"line":72,"column":14},"end":{"line":75,"column":15}},"type":"if","locations":[{"start":{"line":72,"column":14},"end":{"line":75,"column":15}},{"start":{"line":72,"column":14},"end":{"line":75,"column":15}}],"line":72},"6":{"loc":{"start":{"line":95,"column":14},"end":{"line":98,"column":15}},"type":"if","locations":[{"start":{"line":95,"column":14},"end":{"line":98,"column":15}},{"start":{"line":95,"column":14},"end":{"line":98,"column":15}}],"line":95}},"s":{"0":1,"1":1,"2":1,"3":1,"4":1,"5":3,"6":22,"7":22,"8":22,"9":0,"10":0,"11":22,"12":14,"13":8,"14":2,"15":14,"16":14,"17":14,"18":14,"19":22,"20":0,"21":14,"22":1,"23":1,"24":5,"25":15,"26":15,"27":5,"28":5,"29":5,"30":5,"31":5,"32":0,"33":0,"34":0,"35":5,"36":5,"37":1,"38":1,"39":9,"40":21,"41":33,"42":9,"43":9,"44":6,"45":6,"46":3,"47":6,"48":6,"49":6,"50":3,"51":3,"52":3,"53":3,"54":3,"55":3,"56":3,"57":3,"58":0,"59":3,"60":3,"61":3,"62":3,"63":3,"64":3,"65":3,"66":9,"67":9,"68":1,"69":1,"70":1},"f":{"0":3,"1":22,"2":2,"3":14,"4":14,"5":22,"6":0,"7":1,"8":5,"9":15,"10":5,"11":1,"12":9,"13":21,"14":3,"15":9},"b":{"0":[2,1],"1":[3,3],"2":[14,8],"3":[5,5,0,0,5],"4":[9,6,3,3,3,3,9],"5":[6,3],"6":[3,0]},"_coverageSchema":"43e27e138ebf9cfc5966b082cf9a028302ed4184","hash":"caff97c19f7d88b26ec232fd693d6722121e63a1","contentHash":"e745f82b683ad599a93d0101b0423d66d63cdaa5b6bf7a0931c15e00b7a299e4"},"C:\\Users\\Rock\\Desktop\\PropertyPro-Lite\\helpers\\Response.js":{"path":"C:\\Users\\Rock\\Desktop\\PropertyPro-Lite\\helpers\\Response.js","statementMap":{"0":{"start":{"line":3,"column":0},"end":{"line":5,"column":3}},"1":{"start":{"line":6,"column":0},"end":{"line":6,"column":28}},"2":{"start":{"line":7,"column":15},"end":{"line":32,"column":1}},"3":{"start":{"line":9,"column":16},"end":{"line":9,"column":28}},"4":{"start":{"line":11,"column":4},"end":{"line":13,"column":5}},"5":{"start":{"line":12,"column":6},"end":{"line":12,"column":28}},"6":{"start":{"line":15
[...]
}},"22":{"start":{"line":40,"column":8},"end":{"line":40,"column":54}},"23":{"start":{"line":41,"column":8},"end":{"line":41,"column":51}},"24":{"start":{"line":42,"column":8},"end":{"line":42,"column":57}},"25":{"start":{"line":43,"column":8},"end":{"line":43,"column":59}},"26":{"start":{"line":44,"column":8},"end":{"line":44,"column":15}},"27":{"start":{"line":48,"column":2},"end":{"line":62,"column":5}},"28":{"start":{"line":49,"column":16},"end":{"line":49,"column":20}},"29":{"start":{"line":50,"column":17},"end":{"line":50,"column":18}},"30":{"start":{"line":51,"column":15},"end":{"line":53,"column":5}},"31":{"start":{"line":55,"column":4},"end":{"line":61,"column":7}},"32":{"start":{"line":56,"column":6},"end":{"line":56,"column":37}},"33":{"start":{"line":57,"column":6},"end":{"line":57,"column":39}},"34":{"start":{"line":58,"column":6},"end":{"line":58,"column":75}},"35":{"start":{"line":59,"column":6},"end":{"line":59,"column":57}},"36":{"start":{"line":60,"column":6},"end":{"line":60,"column":13}},"37":{"start":{"line":63,"column":2},"end":{"line":77,"column":5}},"38":{"start":{"line":64,"column":16},"end":{"line":64,"column":18}},"39":{"start":{"line":65,"column":17},"end":{"line":65,"column":18}},"40":{"start":{"line":66,"column":15},"end":{"line":68,"column":5}},"41":{"start":{"line":70,"column":4},"end":{"line":76,"column":7}},"42":{"start":{"line":71,"column":6},"end":{"line":71,"column":37}},"43":{"start":{"line":72,"column":6},"end":{"line":72,"column":39}},"44":{"start":{"line":73,"column":6},"end":{"line":73,"column":86}},"45":{"start":{"line":74,"column":6},"end":{"line":74,"column":57}},"46":{"start":{"line":75,"column":6},"end":{"line":75,"column":13}}},"fnMap":{"0":{"name":"_interopRequireDefault","decl":{"start":{"line":9,"column":9},"end":{"line":9,"column":31}},"loc":{"start":{"line":9,"column":37},"end":{"line":9,"column":97}},"line":9},"1":{"name":"(anonymous_1)","decl":{"start":{"line":16,"column":56},"end":{"line":16,"column":57}},"loc":{"start":{"line":16,"column":68},"end":{"line":78,"column":1}},"line":16},"2":{"name":"(anonymous_2)","decl":{"start":{"line":17,"column":66},"end":{"line":17,"column":67}},"loc":{"start":{"line":17,"column":82},"end":{"line":47,"column":3}},"line":17},"3":{"name":"(anonymous_3)","decl":{"start":{"line":24,"column":92},"end":{"line":24,"column":93}},"loc":{"start":{"line":24,"column":117},"end":{"line":46,"column":5}},"line":24},"4":{"name":"(anonymous_4)","decl":{"start":{"line":31,"column":145},"end":{"line":31,"column":146}},"loc":{"start":{"line":31,"column":165},"end":{"line":45,"column":7}},"line":31},"5":{"name":"(anonymous_5)","decl":{"start":{"line":48,"column":66},"end":{"line":48,"column":67}},"loc":{"start":{"line":48,"column":82},"end":{"line":62,"column":3}},"line":48},"6":{"name":"(anonymous_6)","decl":{"start":{"line":55,"column":134},"end":{"line":55,"column":135}},"loc":{"start":{"line":55,"column":154},"end":{"line":61,"column":5}},"line":55},"7":{"name":"(anonymous_7)","decl":{"start":{"line":63,"column":66},"end":{"line":63,"column":67}},"loc":{"start":{"line":63,"column":82},"end":{"line":77,"column":3}},"line":63},"8":{"name":"(anonymous_8)","decl":{"start":{"line":70,"column":143},"end":{"line":70,"column":144}},"loc":{"start":{"line":70,"column":163},"end":{"line":76,"column":5}},"line":70}},"branchMap":{"0":{"loc":{"start":{"line":9,"column":46},"end":{"line":9,"column":94}},"type":"cond-expr","locations":[{"start":{"line":9,"column":70},"end":{"line":9,"column":73}},{"start":{"line":9,"column":76},"end":{"line":9,"column":94}}],"line":9},"1":{"loc":{"start":{"line":9,"column":46},"end":{"line":9,"column":67}},"type":"binary-expr","locations":[{"start":{"line":9,"column":46},"end":{"line":9,"column":49}},{"start":{"line":9,"column":53},"end":{"line":9,"column":67}}],"line":9}},"s":{"0":1,"1":1,"2":1,"3":3,"4":1,"5":1,"6":1,"7":1,"8":1,"9":1,"10":1,"11":1,"12":1,"13":1,"14":1,"15":1,"16":1,"17":1,"18":1,"19":1,"20":1,"21":1,"22":1,"23":1,"24":1,"25":1,"26":1,"27":1,"28":1,"29":1,"30":1,"31":1,"32":1,"33":1,"34":1,"35":1,"36":1,"37":1,"38":1,"39":1,"40":1,"41":1,"42":1,"43":1,"44":1,"45":1,"46":1},"f":{"0":3,"1":1,"2":1,"3":1,"4":1,"5":1,"6":1,"7":1,"8":1},"b":{"0":[1,2],"1":[3,3]},"_coverageSchema":"43e27e138ebf9cfc5966b082cf9a028302ed4184","hash":"a98f3511f59caa606e0315d8314097abc5821196","contentHash":"7b114468ae409c06807073ade3c4335a3c482dd4bef51cd5ac0de74cec5201f7"},"C:\\Users\\Rock\\Desktop\\PropertyPro-Lite\\tests\\updateTest.js":{"path":"C:\\Users\\Rock\\Desktop\\PropertyPro-Lite\\tests\\updateTest.js","statementMap":{"0":{"start":{"line":3,"column":12},"end":{"line":3,"column":51}},"1":{"start":{"line":5,"column":16},"end":{"line":5,"column":60}},"2":{"start":{"line":7,"column":13},"end":{"line":7,"column":56}},"3":{"start":{"line":9,"column":39},"end":{"line":9,"column":95}},"4":{"start":{"line":12,"column":0},"end":{"line":12,"column":26}},"5":{"start":{"line":14,"column":0},"end":{"line":14,"column":43}},"6":{"start":{"line":16,"column":0},"end":{"line":107,"column":3}},"7":{"start":{"line":17,"column":2},"end":{"line":52,"column":5}},"8":{"start":{"line":19,"column":22},"end":{"line":22,"column":5}},"9":{"start":{"line":24,"column":4},"end":{"line":51,"column":7}},"10":{"start":{"line":25,"column":18},"end":{"line":25,"column":42}},"11":{"start":{"line":26,"column":19},"end":{"line":26,"column":20}},"12":{"start":{"line":27,"column":17},"end":{"line":34,"column":7}},"13":{"start":{"line":36,"column":6},"end":{"line":50,"column":9}},"14":{"start":{"line":37,"column":8},"end":{"line":37,"column":41}},"15":{"start":{"line":38,"column":8},"end":{"line":38,"column":39}},"16":{"start":{"line":39,"column":8},"end":{"line":39,"column":46}},"17":{"start":{"line":40,"column":8},"end":{"line":40,"column":49}},"18":{"start":{"line":41,"column":8},"end":{"line":41,"column":53}},"19":{"start":{"line":42,"column":8},"end":{"line":42,"column":52}},"20":{"start":{"line":43,"column":8},"end":{"line":43,"column":52}},"21":{"start":{"line":44,"column":8},"end":{"line":44,"column":51}},"22":{"start":{"line":45,"column":8},"end":{"line":45,"column":54}},"23":{"start":{"line":46,"column":8},"end":{"line":46,"column":51}},"24":{"start":{"line":47,"column":8},"end":{"line":47,"column":57}},"25":{"start":{"line":48,"column":8},"end":{"line":48,"column":59}},"26":{"start":{"line":49,"column":8},"end":{"line":49,"column":15}},"27":{"start":{"line":53,"column":2},"end":{"line":70,"column":5}},"28":{"start":{"line":54,"column":16},"end":{"line":54,"column":20}},"29":{"start":{"line":55,"column":17},"end":{"line":55,"column":18}},"30":{"start":{"line":56,"column":15},"end":{"line":61,"column":5}},"31":{"start":{"line":63,"column":4},"end":{"line":69,"column":7}},"32":{"start":{"line":64,"column":6},"end":{"line":64,"column":37}},"33":{"start":{"line":65,"column":6},"end":{"line":65,"column":39}},"34":{"start":{"line":66,"column":6},"end":{"line":66,"column":75}},"35":{"start":{"line":67,"column":6},"end":{"line":67,"column":57}},"36":{"start":{"line":68,"column":6},"end":{"line":68,"column":13}},"37":{"start":{"line":71,"column":2},"end":{"line":88,"column":5}},"38":{"start":{"line":72,"column":16},"end":{"line":72,"column":20}},"39":{"start":{"line":73,"column":17},"end":{"line":73,"column":18}},"40":{"start":{"line":74,"column":15},"end":{"line":79,"column":5}},"41":{"start":{"line":81,"column":4},"end":{"line":87,"column":7}},"42":{"start":{"line":82,"column":6},"end":{"line":82,"column":37}},"43":{"start":{"line":83,"column":6},"end":{"line":83,"column":39}},"44":{"start":{"line":84,"column":6},"end":{"line":84,"column":75}},"45":{"start":{"line":85,"column":6},"end":{"line":85,"column":57}},"46":{"start":{"line":86,"column":6},"end":{"line":86,"column":13}},"47":{"start":{"line":89,"column":2},"end":{"line":106,"column":5}},"48":{"start":{"line":90,"column":16},"end":{"line":90,"column":18}},"49":{"start":{"line":91,"column":17},"end":{"line":91,"column":18}},"50":{"start":{"line":92,"column":15},"end":{"line":97,"column":5}},"51":{"start":{"line":99,"column":4},"end":{"line":105,"column":7}},"52":{"start":{"line":100,"column":6},"end":{"line":100,"column":37}},"53":{"start":{"line":101,"column":6},"end":{"line":101,"column":39}},"54":{"start":{"line":102,"column":6},"end":{"line":102,"column":86}},"55":{"start":{"line":103,"column":6},"end":{"line":103,"column":57}},"56":{"start":{"line":104,"column":6},"end":{"line":104,"column":13}}},"fnMap":{"0":{"name":"_interopRequireDefault","decl":{"start":{"line":9,"column":9},"end":{"line":9,"column":31}},"loc":{"start":{"line":9,"column":37},"end":{"line":9,"column":97}},"line":9},"1":{"name":"(anonymous_1)","decl":{"start":{"line":16,"column":58},"end":{"line":16,"column":59}},"loc":{"start":{"line":16,"column":70},"end":{"line":107,"column":1}},"line":16},"2":{"name":"(anonymous_2)","decl":{"start":{"line":17,"column":76},"end":{"line":17,"column":77}},"loc":{"start":{"line":17,"column":92},"end":{"line":52,"column":3}},"line":17},"3":{"name":"(anonymous_3)","decl":{"start":{"line":24,"column":93},"end":{"line":24,"column":94}},"loc":{"start":{"line":24,"column":118},"end":{"line":51,"column":5}},"line":24},"4":{"name":"(anonymous_4)","decl":{"start":{"line":36,"column":136},"end":{"line":36,"column":137}},"loc":{"start":{"line":36,"column":156},"end":{"line":50,"column":7}},"line":36},"5":{"name":"(anonymous_5)","decl":{"start":{"line":53,"column":59},"end":{"line":53,"column":60}},"loc":{"start":{"line":53,"column":75},"end":{"line":70,"column":3}},"line":53},"6":{"name":"(anonymous_6)","decl":{"start":{"line":63,"column":134},"end":{"line":63,"column":135}},"loc":{"start":{"line":63,"column":154},"end":{"line":69,"column":5}},"line":63},"7":{"name":"(anonymous_7)","decl":{"start":{"line":71,"column":59},"end":{"line":71,"column":60}},"loc":{"start":{"line":71,"column":75},"end":{"line":88,"column":3}},"line":71},"8":{"name":"(anonymous_8)","decl":{"start":{"line":81,"column":134},"end":{"line":81,"column":135}},"loc":{"start":{"line":81,"column":154},"end":{"line":87,"column":5}},"line":81},"9":{"name":"(anonymous_9)","decl":{"start":{"line":89,"column":59},"end":{"line":89,"column":60}},"loc":{"start":{"line":89,"column":75},"end":{"line":106,"column":3}},"line":89},"10":{"name":"(anonymous_10)","decl":{"start":{"line":99,"column":134},"end":{"line":99,"column":135}},"loc":{"start":{"line":99,"column":154},"end":{"line":105,"column":5}},"line":99}},"branchMap":{"0":{"loc":{"start":{"line":9,"column":46},"end":{"line":9,"column":94}},"type":"cond-expr","locations":[{"start":{"line":9,"column":70},"end":{"line":9,"column":73}},{"start":{"line":9,"column":76},"end":{"line":9,"column":94}}],"line":9},"1":{"loc":{"start":{"line":9,"column":46},"end":{"line":9,"column":67}},"type":"binary-expr","locations":[{"start":{"line":9,"column":46},"end":{"line":9,"column":49}},{"start":{"line":9,"column":53},"end":{"line":9,"column":67}}],"line":9}},"s":{"0":1,"1":1,"2":1,"3":3,"4":1,"5":1,"6":1,"7":1,"8":1,"9":1,"10":1,"11":1,"12":1,"13":1,"14":1,"15":1,"16":1,"17":1,"18":1,"19":1,"20":1,"21":1,"22":1,"23":1,"24":1,"25":1,"26":1,"27":1,"28":1,"29":1,"30":1,"31":1,"32":1,"33":1,"34":1,"35":1,"36":1,"37":1,"38":1,"39":1,"40":1,"41":1,"42":1,"43":1,"44":1,"45":1,"46":1,"47":1,"48":1,"49":1,"50":1,"51":1,"52":1,"53":1,"54":1,"55":1,"56":1},"f":{"0":3,"1":1,"2":1,"3":1,"4":1,"5":1,"6":1,"7":1,"8":1,"9":1,"10":1},"b":{"0":[1,2],"1":[3,3]},"_coverageSchema":"43e27e138ebf9cfc5966b082cf9a028302ed4184","hash":"f4e1e10cbf74a8021a0c0cbb9b2f344349a4e3b4","contentHash":"cad7be5c038bc7f7d237fdeab53349282f6728961d8cb851c6198ff596d183cd"},"C:\\Users\\Rock\\Desktop\\PropertyPro-Lite\\tests\\viewAllTest.js":{"path":"C:\\Users\\Rock\\Desktop\\PropertyPro-Lite\\tests\\viewAllTest.js","statementMap":{"0":{"start":{"line":3,"column":12},"end":{"line":3,"column":51}},"1":{"start":{"line":5,"column":16},"end":{"line":5,"column":60}},"2":{"start":{"line":7,"column":16},"end":{"line":7,"column":60}},"3":{"start":{"line":9,"column":18},"end":{"line":9,"column":64}},"4":{"start":{"line":11,"column":13},"end":{"line":11,"column":56}},"5":{"start":{"line":13,"column":39},"end":{"line":13,"column":95}},"6":{"start":{"line":16,"column":0},"end":{"line":16,"column":26}},"7":{"start":{"line":18,"column":0},"end":{"line":18,"column":43}},"8":{"start":{"line":20,"column":0},"end":{"line":20,"column":43}},"9":{"start":{"line":22,"column":0},"end":{"line":22,"column":45}},"10":{"start":{"line":24,"column":0},"end":{"line":24,"column":26}},"11":{"start":{"line":26,"column":0},"end":{"line":26,"column":43}},"12":{"start":{"line":28,"column":0},"end":{"line":48,"column":3}},"13":{"start":{"line":29,"column":2},"end":{"line":47,"column":5}},"14":{"start":{"line":30,"column":4},"end":{"line":46,"column":7}},"15":{"start":{"line":31,"column":6},"end":{"line":31,"column":39}},"16":{"start":{"line":32,"column":6},"end":{"line":32,"column":37}},"17":{"start":{"line":33,"column":6},"end":{"line":33,"column":44}},"18":{"start":{"line":34,"column":6},"end":{"line":34,"column":81}},"19":{"start":{"line":35,"column":6},"end":{"line":35,"column":84}},"20":{"start":{"line":36,"column":6},"end":{"line":36,"column":85}},"21":{"start":{"line":37,"column":6},"end":{"line":37,"column":84}},"22":{"start":{"line":38,"column":6},"end":{"line":38,"column":84}},"23":{"start":{"line":39,"column":6},"end":{"line":39,"column":83}},"24":{"start":{"line":40,"column":6},"end":{"line":40,"column":83}},"25":{"start":{"line":41,"column":6},"end":{"line":41,"column":86}},"26":{"start":{"line":42,"column":6},"end":{"line":42,"column":89}},"27":{"start":{"line":43,"column":6},"end":{"line":43,"column":88}},"28":{"start":{"line":44,"column":6},"end":{"line":44,"column":57}},"29":{"start":{"line":45,"column":6},"end":{"line":45,"column":13}}},"fnMap":{"0":{"name":"_interopRequireDefault","decl":{"start":{"line":13,"column":9},"end":{"line":13,"column":31}},"loc":{"start":{"line":13,"column":37},"end":{"line":13,"column":97}},"line":13},"1":{"name":"(anonymous_1)","decl":{"start":{"line":28,"column":54},"end":{"line":28,"column":55}},"loc":{"start":{"line":28,"column":66},"end":{"line":48,"column":1}},"line":28},"2":{"name":"(anonymous_2)","decl":{"start":{"line":29,"column":49},"end":{"line":29,"column":50}},"loc":{"start":{"line":29,"column":65},"end":{"line":47,"column":3}},"line":29},"3":{"name":"(anonymous_3)","decl":{"start":{"line":30,"column":83},"end":{"line":30,"column":84}},"loc":{"start":{"line":30,"column":103},"end":{"line":46,"column":5}},"line":30}},"branchMap":{"0":{"loc":{"start":{"line":13,"column":46},"end":{"line":13,"column":94}},"type":"cond-expr","locations":[{"start":{"line":13,"column":70},"end":{"line":13,"column":73}},{"start":{"line":13,"column":76},"end":{"line":13,"column":94}}],"line":13},"1":{"loc":{"start":{"line":13,"column":46},"end":{"line":13,"column":67}},"type":"binary-expr","locations":[{"start":{"line":13,"column":46},"end":{"line":13,"column":49}},{"start":{"line":13,"column":53},"end":{"line":13,"column":67}}],"line":13}},"s":{"0":1,"1":1,"2":1,"3":1,"4":1,"5":5,"6":1,"7":1,"8":1,"9":1,"10":1,"11":1,"12":1,"13":1,"14":1,"15":1,"16":1,"17":1,"18":1,"19":1,"20":1,"21":1,"22":1,"23":1,"24":1,"25":1,"26":1,"27":1,"28":1,"29":1},"f":{"0":5,"1":1,"2":1,"3":1},"b":{"0":[1,4],"1":[5,5]},"_coverageSchema":"43e27e138ebf9cfc5966b082cf9a028302ed4184","hash":"3c915586414eb4134008f8c1a8cd915e0018f32f","contentHash":"47116ef7e66ce922bdd402df8f530b080f07570993b30cf51138570d8a034f43"},"C:\\Users\\Rock\\Desktop\\PropertyPro-Lite\\tests\\viewTest.js":{"path":"C:\\Users\\Rock\\Desktop\\PropertyPro-Lite\\tests\\viewTest.js","statementMap":{"0":{"start":{"line":3,"column":12},"end":{"line":3,"column":51}},"1":{"start":{"line":5,"column":16},"end":{"line":5,"column":60}},"2":{"start":{"line":7,"column":13},"end":{"line":7,"column":56}},"3":{"start":{"line":9,"column":39},"end":{"line":9,"column":95}},"4":{"start":{"line":12,"column":0},"end":{"line":12,"column":26}},"5":{"start":{"line":14,"column":0},"end":{"line":14,"column":43}},"6":{"start":{"line":16,"column":0},"end":{"line":49,"column":3}},"7":{"start":{"line":17,"column":2},"end":{"line":37,"column":5}},"8":{"start":{"line":18,"column":17},"end":{"line":18,"column":18}},"9":{"start":{"line":20,"column":4},"end":{"line":36,"column":7}},"10":{"start":{"line":21,"column":6},"end":{"line":21,"column":39}},"11":{"start":{"line":22,"column":6},"end":{"line":22,"column":37}},"12":{"start":{"line":23,"column":6},"end":{"line":23,"column":44}},"13":{"start":{"line":24,"column":6},"end":{"line":24,"column":47}},"14":{"start":{"line":25,"column":6},"end":{"line":25,"column":51}},"15":{"start":{"line":26,"column":6},"end":{"line":26,"column":50}},"16":{"start":{"line":27,"column":6},"end":{"line":27,"column":50}},"17":{"start":{"line":28,"column":6},"end":{"line":28,"column":50}},"18":{"start":{"line":29,"column":6},"end":{"line":29,"column":49}},"19":{"start":{"line":30,"column":6},"end":{"line":30,"column":52}},"20":{"start":{"line":31,"column":6},"end":{"line":31,"column":49}},"21":{"start":{"line":32,"column":6},"end":{"line":32,"column":55}},"22":{"start":{"line":33,"column":6},"end":{"line":33,"column":54}},"23":{"start":{"line":34,"column":6},"end":{"line":34,"column":57}},"24":{"start":{"line":35,"column":6},"end":{"line":35,"column":13}},"25":{"start":{"line":38,"column":2},"end":{"line":48,"column":5}},"26":{"start":{"line":39,"column":17},"end":{"line":39,"column":18}},"27":{"start":{"line":41,"column":4},"end":{"line":47,"column":7}},"28":{"start":{"line":42,"column":6},"end":{"line":42,"column":37}},"29":{"start":{"line":43,"column":6},"end":{"line":43,"column":39}},"30":{"start":{"line":44,"column":6},"end":{"line":44,"column":72}},"31":{"start":{"line":45,"column":6},"end":{"line":45,"column":57}},"32":{"start":{"line":46,"column":6},"end":{"line":46,"column":13}}},"fnMap":{"0":{"name":"_interopRequireDefault","decl":{"start":{"line":9,"column":9},"end":{"line":9,"column":31}},"loc":{"start":{"line":9,"column":37},"end":{"line":9,"column":97}},"line":9},"1":{"name":"(anonymous_1)","decl":{"start":{"line":16,"column":56},"end":{"line":16,"column":57}},"loc":{"start":{"line":16,"column":68},"end":{"line":49,"column":1}},"line":16},"2":{"name":"(anonymous_2)","decl":{"start":{"line":17,"column":66},"end":{"line":17,"column":67}},"loc":{"start":{"line":17,"column":82},"end":{"line":37,"column":3}},"line":17},"3":{"name":"(anonymous_3)","decl":{"start":{"line":20,"column":99},"end":{"line":20,"column":100}},"loc":{"start":{"line":20,"column":119},"end":{"line":36,"column":5}},"line":20},"4":{"name":"(anonymous_4)","decl":{"start":{"line":38,"column":72},"end":{"line":38,"column":73}},"loc":{"start":{"line":38,"column":88},"end":{"line":48,"column":3}},"line":38},"5":{"name":"(anonymous_5)","decl":{"start":{"line":41,"column":99},"end":{"line":41,"column":100}},"loc":{"start":{"line":41,"column":119},"end":{"line":47,"column":5}},"line":41}},"branchMap":{"0":{"loc":{"start":{"line":9,"column":46},"end":{"line":9,"column":94}},"type":"cond-expr","locations":[{"start":{"line":9,"column":70},"end":{"line":9,"column":73}},{"start":{"line":9,"column":76},"end":{"line":9,"column":94}}],"line":9},"1":{"loc":{"start":{"line":9,"column":46},"end":{"line":9,"column":67}},"type":"binary-expr","locations":[{"start":{"line":9,"column":46},"end":{"line":9,"column":49}},{"start":{"line":9,"column":53},"end":{"line":9,"column":67}}],"line":9}},"s":{"0":1,"1":1,"2":1,"3":3,"4":1,"5":1,"6":1,"7":1,"8":1,"9":1,"10":1,"11":1,"12":1,"13":1,"14":1,"15":1,"16":1,"17":1,"18":1,"19":1,"20":1,"21":1,"22":1,"23":1,"24":1,"25":1,"26":1,"27":1,"28":1,"29":1,"30":1,"31":1,"32":1},"f":{"0":3,"1":1,"2":1,"3":1,"4":1,"5":1},"b":{"0":[1,2],"1":[3,3]},"_coverageSchema":"43e27e138ebf9cfc5966b082cf9a028302ed4184","hash":"3aa9542c1e509c066ea4eb52bfd028e616cc6ace","contentHash":"c4e6af96e56fe786eabf2894c89efbf7992bbe089d5974b1b93cf1c2c0317d1c"}}